#
# There is insufficient memory for the Java Runtime Environment to continue.
# Native memory allocation (mmap) failed to map 65536 bytes for Failed to commit metaspace.
# Possible reasons:
#   The system is out of physical RAM or swap space
#   The process is running with CompressedOops enabled, and the Java Heap may be blocking the growth of the native heap
# Possible solutions:
#   Reduce memory load on the system
#   Increase physical memory or swap space
#   Check if swap backing store is full
#   Decrease Java heap size (-Xmx/-Xms)
#   Decrease number of Java threads
#   Decrease Java thread stack sizes (-Xss)
#   Set larger code cache with -XX:ReservedCodeCacheSize=
#   JVM is running with Unscaled Compressed Oops mode in which the Java heap is
#     placed in the first 4GB address space. The Java Heap base address is the
#     maximum limit for the native heap growth. Please use -XX:HeapBaseMinAddress
#     to set the Java Heap base and to place the Java Heap above 4GB virtual address.
# This output file may be truncated or incomplete.
#
#  Out of Memory Error (virtualSpaceNode.cpp:110), pid=11540, tid=6960
#
# JRE version: OpenJDK Runtime Environment Temurin-17.0.5+8 (17.0.5+8) (build 17.0.5+8)
# Java VM: OpenJDK 64-Bit Server VM Temurin-17.0.5+8 (17.0.5+8, mixed mode, tiered, compressed oops, compressed class ptrs, parallel gc, windows-amd64)
# No core dump will be written. Minidumps are not enabled by default on client versions of Windows
#

---------------  S U M M A R Y ------------

Command Line: --add-modules=ALL-SYSTEM --add-opens=java.base/java.util=ALL-UNNAMED --add-opens=java.base/java.lang=ALL-UNNAMED --add-opens=java.base/sun.nio.fs=ALL-UNNAMED -Declipse.application=org.eclipse.jdt.ls.core.id1 -Dosgi.bundles.defaultStartLevel=4 -Declipse.product=org.eclipse.jdt.ls.core.product -Djava.import.generatesMetadataFilesAtProjectRoot=false -Dfile.encoding=utf8 -XX:+UseParallelGC -XX:GCTimeRatio=4 -XX:AdaptiveSizePolicyWeight=90 -Dsun.zip.disableMemoryMapping=true -Xmx1G -Xms100m -Xlog:disable -javaagent:c:\Users\lakit\.vscode\extensions\redhat.java-1.13.0-win32-x64\lombok\lombok-1.18.24.jar -XX:+HeapDumpOnOutOfMemoryError -XX:HeapDumpPath=c:\Users\lakit\AppData\Roaming\Code\User\workspaceStorage\5cb69a7ab363b47045258b623378d779\redhat.java c:\Users\lakit\.vscode\extensions\redhat.java-1.13.0-win32-x64\server\plugins\org.eclipse.equinox.launcher_1.6.400.v20210924-0641.jar -configuration c:\Users\lakit\AppData\Roaming\Code\User\globalStorage\redhat.java\1.13.0\config_win -data c:\Users\lakit\AppData\Roaming\Code\User\workspaceStorage\5cb69a7ab363b47045258b623378d779\redhat.java\jdt_ws

Host: Intel(R) Core(TM) i5-8250U CPU @ 1.60GHz, 8 cores, 7G,  Windows 11 , 64 bit Build 22000 (10.0.22000.708)
Time: Fri Dec 16 16:32:13 2022 Sri Lanka Standard Time elapsed time: 5.961561 seconds (0d 0h 0m 5s)

---------------  T H R E A D  ---------------

Current thread (0x000001ae3b8de0f0):  JavaThread "Start Level: Equinox Container: ff4f13e8-1b8c-41c2-8ab6-f6d372985e96" daemon [_thread_in_vm, id=6960, stack(0x0000001d33a00000,0x0000001d33b00000)]

Stack: [0x0000001d33a00000,0x0000001d33b00000]
Native frames: (J=compiled Java code, j=interpreted, Vv=VM code, C=native code)
V  [jvm.dll+0x676b3a]
V  [jvm.dll+0x831444]
V  [jvm.dll+0x832bee]
V  [jvm.dll+0x833253]
V  [jvm.dll+0x244ce5]
V  [jvm.dll+0x82d4db]
V  [jvm.dll+0x61b2f6]
V  [jvm.dll+0x1bfd2e]
V  [jvm.dll+0x61dc41]
V  [jvm.dll+0x61bc96]
V  [jvm.dll+0x23937f]
V  [jvm.dll+0x625af5]
V  [jvm.dll+0x1e99bb]
V  [jvm.dll+0x1e9ef5]
V  [jvm.dll+0x1ea92f]
V  [jvm.dll+0x1dfdd1]
V  [jvm.dll+0x53be30]
V  [jvm.dll+0x7ac5a8]
V  [jvm.dll+0x7ac694]
V  [jvm.dll+0x40ba25]
V  [jvm.dll+0x411bb8]
C  [java.dll+0x17ec]

Java frames: (J=compiled Java code, j=interpreted, Vv=VM code)
J 1174  java.lang.ClassLoader.defineClass1(Ljava/lang/ClassLoader;Ljava/lang/String;[BIILjava/security/ProtectionDomain;Ljava/lang/String;)Ljava/lang/Class; java.base@17.0.5 (0 bytes) @ 0x000001ae2e3608db [0x000001ae2e360820+0x00000000000000bb]
J 1179 c1 java.lang.ClassLoader.defineClass(Ljava/lang/String;[BIILjava/security/ProtectionDomain;)Ljava/lang/Class; java.base@17.0.5 (43 bytes) @ 0x000001ae26fdc6c4 [0x000001ae26fdc380+0x0000000000000344]
j  org.eclipse.osgi.internal.loader.ModuleClassLoader.defineClass(Ljava/lang/String;[BLorg/eclipse/osgi/internal/loader/classpath/ClasspathEntry;)Lorg/eclipse/osgi/internal/loader/ModuleClassLoader$DefineClassResult;+42
j  org.eclipse.osgi.internal.loader.classpath.ClasspathManager.defineClass(Ljava/lang/String;[BLorg/eclipse/osgi/internal/loader/classpath/ClasspathEntry;Lorg/eclipse/osgi/storage/bundlefile/BundleEntry;Ljava/util/List;)Ljava/lang/Class;+424
j  org.eclipse.osgi.internal.loader.classpath.ClasspathManager.findClassImpl(Ljava/lang/String;Lorg/eclipse/osgi/internal/loader/classpath/ClasspathEntry;Ljava/util/List;)Ljava/lang/Class;+269
j  org.eclipse.osgi.internal.loader.classpath.ClasspathManager.findLocalClassImpl(Ljava/lang/String;[Lorg/eclipse/osgi/internal/loader/classpath/ClasspathEntry;Ljava/util/List;)Ljava/lang/Class;+30
j  org.eclipse.osgi.internal.loader.classpath.ClasspathManager.findLocalClassImpl(Ljava/lang/String;Ljava/util/List;)Ljava/lang/Class;+69
j  org.eclipse.osgi.internal.loader.classpath.ClasspathManager.findLocalClass(Ljava/lang/String;)Ljava/lang/Class;+113
j  org.eclipse.osgi.internal.loader.ModuleClassLoader.findLocalClass(Ljava/lang/String;)Ljava/lang/Class;+5
j  org.eclipse.osgi.internal.loader.BundleLoader.findLocalClass(Ljava/lang/String;)Ljava/lang/Class;+57
j  org.eclipse.osgi.internal.loader.BundleLoader.findClass0(Ljava/lang/String;ZZ)Ljava/lang/Class;+309
j  org.eclipse.osgi.internal.loader.BundleLoader.findClass(Ljava/lang/String;)Ljava/lang/Class;+4
j  org.eclipse.osgi.internal.loader.ModuleClassLoader.loadClass(Ljava/lang/String;Z)Ljava/lang/Class;+21
J 988 c1 java.lang.ClassLoader.loadClass(Ljava/lang/String;)Ljava/lang/Class; java.base@17.0.5 (7 bytes) @ 0x000001ae26f7d43c [0x000001ae26f7d340+0x00000000000000fc]
v  ~StubRoutines::call_stub
j  org.apache.felix.scr.impl.Activator.doStart()V+157
j  org.apache.felix.scr.impl.AbstractExtender.start(Lorg/osgi/framework/BundleContext;)V+34
j  org.apache.felix.scr.impl.Activator.restart(ZZ)V+156
j  org.apache.felix.scr.impl.config.ScrConfigurationImpl.configure(Ljava/util/Dictionary;Z)V+449
j  org.apache.felix.scr.impl.config.ScrConfigurationImpl.start(Lorg/osgi/framework/BundleContext;)V+43
j  org.apache.felix.scr.impl.Activator.start(Lorg/osgi/framework/BundleContext;)V+53
j  org.eclipse.osgi.internal.framework.BundleContextImpl$2.run()Ljava/lang/Void;+23
j  org.eclipse.osgi.internal.framework.BundleContextImpl$2.run()Ljava/lang/Object;+1
J 1307 c1 java.security.AccessController.executePrivileged(Ljava/security/PrivilegedExceptionAction;Ljava/security/AccessControlContext;Ljava/lang/Class;)Ljava/lang/Object; java.base@17.0.5 (65 bytes) @ 0x000001ae2701c834 [0x000001ae2701c6e0+0x0000000000000154]
j  java.security.AccessController.doPrivileged(Ljava/security/PrivilegedExceptionAction;)Ljava/lang/Object;+9 java.base@17.0.5
j  org.eclipse.osgi.internal.framework.BundleContextImpl.startActivator(Lorg/osgi/framework/BundleActivator;)V+9
j  org.eclipse.osgi.internal.framework.BundleContextImpl.start()V+134
j  org.eclipse.osgi.internal.framework.EquinoxBundle.startWorker0()V+35
j  org.eclipse.osgi.internal.framework.EquinoxBundle$EquinoxModule.startWorker()V+4
j  org.eclipse.osgi.container.Module.doStart([Lorg/eclipse/osgi/container/Module$StartOptions;)Lorg/eclipse/osgi/container/ModuleContainerAdaptor$ModuleEvent;+190
j  org.eclipse.osgi.container.Module.start([Lorg/eclipse/osgi/container/Module$StartOptions;)V+460
j  org.eclipse.osgi.container.ModuleContainer$ContainerStartLevel$2.run()V+71
j  org.eclipse.osgi.internal.framework.EquinoxContainerAdaptor$1$1.execute(Ljava/lang/Runnable;)V+1
j  org.eclipse.osgi.container.ModuleContainer$ContainerStartLevel.incStartLevel(ILjava/util/List;Z)V+192
j  org.eclipse.osgi.container.ModuleContainer$ContainerStartLevel.incStartLevel(ILjava/util/List;Ljava/util/List;Ljava/util/List;Ljava/util/List;)V+19
j  org.eclipse.osgi.container.ModuleContainer$ContainerStartLevel.doContainerStartLevel(Lorg/eclipse/osgi/container/Module;I[Lorg/osgi/framework/FrameworkListener;)V+349
j  org.eclipse.osgi.container.ModuleContainer$ContainerStartLevel.dispatchEvent(Lorg/eclipse/osgi/container/Module;[Lorg/osgi/framework/FrameworkListener;ILjava/lang/Integer;)V+32
j  org.eclipse.osgi.container.ModuleContainer$ContainerStartLevel.dispatchEvent(Ljava/lang/Object;Ljava/lang/Object;ILjava/lang/Object;)V+15
j  org.eclipse.osgi.framework.eventmgr.EventManager.dispatchEvent(Ljava/util/Set;Lorg/eclipse/osgi/framework/eventmgr/EventDispatcher;ILjava/lang/Object;)V+48
j  org.eclipse.osgi.framework.eventmgr.EventManager$EventThread.run()V+26
v  ~StubRoutines::call_stub

---------------  P R O C E S S  ---------------

Threads class SMR info:
_java_thread_list=0x000001ae3b861e00, length=16, elements={
0x000001ae23b91830, 0x000001ae37a14030, 0x000001ae37a16560, 0x000001ae37a19f40,
0x000001ae37a1a900, 0x000001ae37a1d1d0, 0x000001ae37a1da90, 0x000001ae37a1e680,
0x000001ae395baa20, 0x000001ae395bd780, 0x000001ae39658460, 0x000001ae3981f750,
0x000001ae3acbe720, 0x000001ae3b9de4e0, 0x000001ae3b8de0f0, 0x000001ae3b84ae50
}

Java Threads: ( => current thread )
  0x000001ae23b91830 JavaThread "main" [_thread_blocked, id=13284, stack(0x0000001d32200000,0x0000001d32300000)]
  0x000001ae37a14030 JavaThread "Reference Handler" daemon [_thread_blocked, id=7136, stack(0x0000001d32500000,0x0000001d32600000)]
  0x000001ae37a16560 JavaThread "Finalizer" daemon [_thread_blocked, id=3868, stack(0x0000001d32600000,0x0000001d32700000)]
  0x000001ae37a19f40 JavaThread "Signal Dispatcher" daemon [_thread_blocked, id=5308, stack(0x0000001d32700000,0x0000001d32800000)]
  0x000001ae37a1a900 JavaThread "Attach Listener" daemon [_thread_blocked, id=5248, stack(0x0000001d32800000,0x0000001d32900000)]
  0x000001ae37a1d1d0 JavaThread "Service Thread" daemon [_thread_blocked, id=9156, stack(0x0000001d32900000,0x0000001d32a00000)]
  0x000001ae37a1da90 JavaThread "Monitor Deflation Thread" daemon [_thread_blocked, id=5108, stack(0x0000001d32a00000,0x0000001d32b00000)]
  0x000001ae37a1e680 JavaThread "C2 CompilerThread0" daemon [_thread_blocked, id=7864, stack(0x0000001d32b00000,0x0000001d32c00000)]
  0x000001ae395baa20 JavaThread "C1 CompilerThread0" daemon [_thread_blocked, id=13440, stack(0x0000001d32c00000,0x0000001d32d00000)]
  0x000001ae395bd780 JavaThread "Sweeper thread" daemon [_thread_blocked, id=12476, stack(0x0000001d32d00000,0x0000001d32e00000)]
  0x000001ae39658460 JavaThread "Common-Cleaner" daemon [_thread_blocked, id=7220, stack(0x0000001d32e00000,0x0000001d32f00000)]
  0x000001ae3981f750 JavaThread "Notification Thread" daemon [_thread_blocked, id=12436, stack(0x0000001d32f00000,0x0000001d33000000)]
  0x000001ae3acbe720 JavaThread "Active Thread: Equinox Container: ff4f13e8-1b8c-41c2-8ab6-f6d372985e96" [_thread_blocked, id=11244, stack(0x0000001d33800000,0x0000001d33900000)]
  0x000001ae3b9de4e0 JavaThread "Framework Event Dispatcher: Equinox Container: ff4f13e8-1b8c-41c2-8ab6-f6d372985e96" daemon [_thread_blocked, id=12764, stack(0x0000001d33900000,0x0000001d33a00000)]
=>0x000001ae3b8de0f0 JavaThread "Start Level: Equinox Container: ff4f13e8-1b8c-41c2-8ab6-f6d372985e96" daemon [_thread_in_vm, id=6960, stack(0x0000001d33a00000,0x0000001d33b00000)]
  0x000001ae3b84ae50 JavaThread "SCR Component Actor" daemon [_thread_blocked, id=12904, stack(0x0000001d33700000,0x0000001d33800000)]

Other Threads:
  0x000001ae39530c20 VMThread "VM Thread" [stack: 0x0000001d32400000,0x0000001d32500000] [id=13036]
  0x000001ae397c4fc0 WatcherThread [stack: 0x0000001d33000000,0x0000001d33100000] [id=10256]
  0x000001ae219a15a0 GCTaskThread "GC Thread#0" [stack: 0x0000001d32300000,0x0000001d32400000] [id=8616]
  0x000001ae3a8f03f0 GCTaskThread "GC Thread#1" [stack: 0x0000001d33100000,0x0000001d33200000] [id=11012]
  0x000001ae3a9f6950 GCTaskThread "GC Thread#2" [stack: 0x0000001d33200000,0x0000001d33300000] [id=15356]
  0x000001ae3a9f6c00 GCTaskThread "GC Thread#3" [stack: 0x0000001d33300000,0x0000001d33400000] [id=2012]
  0x000001ae3a89c8d0 GCTaskThread "GC Thread#4" [stack: 0x0000001d33400000,0x0000001d33500000] [id=11364]
  0x000001ae3a89cb80 GCTaskThread "GC Thread#5" [stack: 0x0000001d33500000,0x0000001d33600000] [id=9268]
  0x000001ae3a89ce30 GCTaskThread "GC Thread#6" [stack: 0x0000001d33600000,0x0000001d33700000] [id=9668]

Threads with active compile tasks:

VM state: not at safepoint (normal execution)

VM Mutex/Monitor currently owned by a thread:  ([mutex/lock_event])
[0x000001ae23b8cb80] Metaspace_lock - owner thread: 0x000001ae3b8de0f0

Heap address: 0x00000000c0000000, size: 1024 MB, Compressed Oops mode: 32-bit

CDS archive(s) not mapped
Compressed class space mapped at: 0x0000000100000000-0x0000000140000000, reserved size: 1073741824
Narrow klass base: 0x0000000000000000, Narrow klass shift: 3, Narrow klass range: 0x140000000

GC Precious Log:
 CPUs: 8 total, 8 available
 Memory: 8069M
 Large Page Support: Disabled
 NUMA Support: Disabled
 Compressed Oops: Enabled (32-bit)
 Alignments: Space 512K, Generation 512K, Heap 2M
 Heap Min Capacity: 100M
 Heap Initial Capacity: 100M
 Heap Max Capacity: 1G
 Pre-touch: Disabled
 Parallel Workers: 8

Heap:
 PSYoungGen      total 29696K, used 26731K [0x00000000eab00000, 0x00000000ecc00000, 0x0000000100000000)
  eden space 25600K, 90% used [0x00000000eab00000,0x00000000ec184a10,0x00000000ec400000)
  from space 4096K, 89% used [0x00000000ec400000,0x00000000ec796218,0x00000000ec800000)
  to   space 4096K, 0% used [0x00000000ec800000,0x00000000ec800000,0x00000000ecc00000)
 ParOldGen       total 68608K, used 16K [0x00000000c0000000, 0x00000000c4300000, 0x00000000eab00000)
  object space 68608K, 0% used [0x00000000c0000000,0x00000000c0004000,0x00000000c4300000)
 Metaspace       used 14151K, committed 14336K, reserved 1064960K
  class space    used 1412K, committed 1536K, reserved 1048576K

Card table byte_map: [0x000001ae23540000,0x000001ae23750000] _byte_map_base: 0x000001ae22f40000

Marking Bits: (ParMarkBitMap*) 0x00007ffd30770dd0
 Begin Bits: [0x000001ae35820000, 0x000001ae36820000)
 End Bits:   [0x000001ae36820000, 0x000001ae37820000)

Polling page: 0x000001ae21cf0000

Metaspace:

Usage:
  Non-class:     12.44 MB used.
      Class:      1.38 MB used.
       Both:     13.82 MB used.

Virtual space:
  Non-class space:       16.00 MB reserved,      12.50 MB ( 78%) committed,  2 nodes.
      Class space:        1.00 GB reserved,       1.50 MB ( <1%) committed,  1 nodes.
             Both:        1.02 GB reserved,      14.00 MB (  1%) committed. 

Chunk freelists:
   Non-Class:  2.98 MB
       Class:  2.43 MB
        Both:  5.41 MB

MaxMetaspaceSize: unlimited
CompressedClassSpaceSize: 1.00 GB
Initial GC threshold: 21.00 MB
Current GC threshold: 21.00 MB
CDS: off
MetaspaceReclaimPolicy: balanced
 - commit_granule_bytes: 65536.
 - commit_granule_words: 8192.
 - virtual_space_node_default_size: 1048576.
 - enlarge_chunks_in_place: 1.
 - new_chunks_are_fully_committed: 0.
 - uncommit_free_chunks: 1.
 - use_allocation_guard: 0.
 - handle_deallocations: 1.


Internal statistics:

num_allocs_failed_limit: 0.
num_arena_births: 62.
num_arena_deaths: 0.
num_vsnodes_births: 3.
num_vsnodes_deaths: 0.
num_space_committed: 224.
num_space_uncommitted: 0.
num_chunks_returned_to_freelist: 0.
num_chunks_taken_from_freelist: 246.
num_chunk_merges: 0.
num_chunk_splits: 166.
num_chunks_enlarged: 129.
num_purges: 0.
num_inconsistent_stats: 0.

CodeHeap 'non-profiled nmethods': size=120000Kb used=670Kb max_used=670Kb free=119329Kb
 bounds [0x000001ae2e2f0000, 0x000001ae2e560000, 0x000001ae35820000]
CodeHeap 'profiled nmethods': size=120000Kb used=3135Kb max_used=3135Kb free=116864Kb
 bounds [0x000001ae26dc0000, 0x000001ae270d0000, 0x000001ae2e2f0000]
CodeHeap 'non-nmethods': size=5760Kb used=1160Kb max_used=1194Kb free=4600Kb
 bounds [0x000001ae26820000, 0x000001ae26a90000, 0x000001ae26dc0000]
 total_blobs=2076 nmethods=1628 adapters=362
 compilation: enabled
              stopped_count=0, restarted_count=0
 full_count=0

Compilation events (20 events):
Event: 5.761 Thread 0x000001ae395baa20 1619       3       java.util.concurrent.locks.AbstractQueuedSynchronizer::release (19 bytes)
Event: 5.762 Thread 0x000001ae395baa20 nmethod 1619 0x000001ae270cc810 code [0x000001ae270cca00, 0x000001ae270cce68]
Event: 5.771 Thread 0x000001ae395baa20 1620       3       java.util.concurrent.locks.ReentrantLock$NonfairSync::initialTryLock (58 bytes)
Event: 5.771 Thread 0x000001ae395baa20 nmethod 1620 0x000001ae270cd010 code [0x000001ae270cd1e0, 0x000001ae270cd598]
Event: 5.773 Thread 0x000001ae395baa20 1621       3       java.util.concurrent.locks.ReentrantLock$Sync::tryRelease (51 bytes)
Event: 5.774 Thread 0x000001ae395baa20 nmethod 1621 0x000001ae270cd690 code [0x000001ae270cd840, 0x000001ae270cdb68]
Event: 5.917 Thread 0x000001ae395baa20 1623       1       org.eclipse.osgi.internal.loader.EquinoxClassLoader::getBundleLoader (5 bytes)
Event: 5.917 Thread 0x000001ae395baa20 nmethod 1623 0x000001ae2e397110 code [0x000001ae2e3972a0, 0x000001ae2e397378]
Event: 5.921 Thread 0x000001ae395baa20 1624       3       java.util.Collections$EmptyList::iterator (4 bytes)
Event: 5.921 Thread 0x000001ae395baa20 nmethod 1624 0x000001ae270cdc90 code [0x000001ae270cde20, 0x000001ae270cdf98]
Event: 5.925 Thread 0x000001ae395baa20 1625       1       org.eclipse.osgi.internal.hookregistry.ClassLoaderHook::preFindClass (2 bytes)
Event: 5.925 Thread 0x000001ae395baa20 nmethod 1625 0x000001ae2e397410 code [0x000001ae2e3975a0, 0x000001ae2e397678]
Event: 5.935 Thread 0x000001ae395baa20 1626       3       org.eclipse.osgi.framework.eventmgr.CopyOnWriteIdentityMap$Snapshot$EntryIterator::next (5 bytes)
Event: 5.935 Thread 0x000001ae395baa20 nmethod 1626 0x000001ae270ce090 code [0x000001ae270ce240, 0x000001ae270ce3c8]
Event: 5.935 Thread 0x000001ae395baa20 1627       1       org.eclipse.osgi.internal.hookregistry.HookRegistry::getClassLoaderHooks (5 bytes)
Event: 5.935 Thread 0x000001ae395baa20 nmethod 1627 0x000001ae2e397710 code [0x000001ae2e3978a0, 0x000001ae2e397978]
Event: 5.951 Thread 0x000001ae395baa20 1628       3       org.eclipse.osgi.internal.framework.EquinoxBundle::getState (101 bytes)
Event: 5.952 Thread 0x000001ae395baa20 nmethod 1628 0x000001ae270ce490 code [0x000001ae270ce700, 0x000001ae270cf0f8]
Event: 5.952 Thread 0x000001ae395baa20 1629   !   3       org.eclipse.osgi.internal.framework.EquinoxBundle::$SWITCH_TABLE$org$eclipse$osgi$container$Module$State (115 bytes)
Event: 5.953 Thread 0x000001ae395baa20 nmethod 1629 0x000001ae270cf490 code [0x000001ae270cf680, 0x000001ae270cfbe8]

GC Heap History (2 events):
Event: 3.048 GC heap before
{Heap before GC invocations=1 (full 0):
 PSYoungGen      total 29696K, used 25600K [0x00000000eab00000, 0x00000000ecc00000, 0x0000000100000000)
  eden space 25600K, 100% used [0x00000000eab00000,0x00000000ec400000,0x00000000ec400000)
  from space 4096K, 0% used [0x00000000ec800000,0x00000000ec800000,0x00000000ecc00000)
  to   space 4096K, 0% used [0x00000000ec400000,0x00000000ec400000,0x00000000ec800000)
 ParOldGen       total 68608K, used 0K [0x00000000c0000000, 0x00000000c4300000, 0x00000000eab00000)
  object space 68608K, 0% used [0x00000000c0000000,0x00000000c0000000,0x00000000c4300000)
 Metaspace       used 10959K, committed 11136K, reserved 1064960K
  class space    used 1086K, committed 1152K, reserved 1048576K
}
Event: 3.060 GC heap after
{Heap after GC invocations=1 (full 0):
 PSYoungGen      total 29696K, used 3672K [0x00000000eab00000, 0x00000000ecc00000, 0x0000000100000000)
  eden space 25600K, 0% used [0x00000000eab00000,0x00000000eab00000,0x00000000ec400000)
  from space 4096K, 89% used [0x00000000ec400000,0x00000000ec796218,0x00000000ec800000)
  to   space 4096K, 0% used [0x00000000ec800000,0x00000000ec800000,0x00000000ecc00000)
 ParOldGen       total 68608K, used 16K [0x00000000c0000000, 0x00000000c4300000, 0x00000000eab00000)
  object space 68608K, 0% used [0x00000000c0000000,0x00000000c0004000,0x00000000c4300000)
 Metaspace       used 10959K, committed 11136K, reserved 1064960K
  class space    used 1086K, committed 1152K, reserved 1048576K
}

Dll operation events (9 events):
Event: 0.017 Loaded shared library c:\Users\lakit\.vscode\extensions\redhat.java-1.13.0-win32-x64\jre\17.0.5-win32-x86_64\bin\java.dll
Event: 0.516 Loaded shared library c:\Users\lakit\.vscode\extensions\redhat.java-1.13.0-win32-x64\jre\17.0.5-win32-x86_64\bin\zip.dll
Event: 0.525 Loaded shared library C:\Users\lakit\.vscode\extensions\redhat.java-1.13.0-win32-x64\jre\17.0.5-win32-x86_64\bin\instrument.dll
Event: 0.569 Loaded shared library C:\Users\lakit\.vscode\extensions\redhat.java-1.13.0-win32-x64\jre\17.0.5-win32-x86_64\bin\net.dll
Event: 0.575 Loaded shared library C:\Users\lakit\.vscode\extensions\redhat.java-1.13.0-win32-x64\jre\17.0.5-win32-x86_64\bin\nio.dll
Event: 0.591 Loaded shared library C:\Users\lakit\.vscode\extensions\redhat.java-1.13.0-win32-x64\jre\17.0.5-win32-x86_64\bin\zip.dll
Event: 0.667 Loaded shared library C:\Users\lakit\.vscode\extensions\redhat.java-1.13.0-win32-x64\jre\17.0.5-win32-x86_64\bin\jimage.dll
Event: 0.925 Loaded shared library c:\Users\lakit\.vscode\extensions\redhat.java-1.13.0-win32-x64\jre\17.0.5-win32-x86_64\bin\verify.dll
Event: 5.726 Loaded shared library C:\Users\lakit\AppData\Roaming\Code\User\globalStorage\redhat.java\1.13.0\config_win\org.eclipse.equinox.launcher\org.eclipse.equinox.launcher.win32.win32.x86_64_1.2.600.v20220720-1916\eclipse_11700.dll

Deoptimization events (20 events):
Event: 4.858 Thread 0x000001ae23b91830 DEOPT PACKING pc=0x000001ae2e35c8e0 sp=0x0000001d322fdef0
Event: 4.858 Thread 0x000001ae23b91830 DEOPT UNPACKING pc=0x000001ae268720a3 sp=0x0000001d322fde18 mode 2
Event: 4.861 Thread 0x000001ae23b91830 Uncommon trap: trap_request=0xffffffde fr.pc=0x000001ae2e35c8e0 relative=0x0000000000000a40
Event: 4.861 Thread 0x000001ae23b91830 Uncommon trap: reason=class_check action=maybe_recompile pc=0x000001ae2e35c8e0 method=java.util.HashMap.putVal(ILjava/lang/Object;Ljava/lang/Object;ZZ)Ljava/lang/Object; @ 253 c2
Event: 4.861 Thread 0x000001ae23b91830 DEOPT PACKING pc=0x000001ae2e35c8e0 sp=0x0000001d322fddf0
Event: 4.861 Thread 0x000001ae23b91830 DEOPT UNPACKING pc=0x000001ae268720a3 sp=0x0000001d322fdd18 mode 2
Event: 4.868 Thread 0x000001ae23b91830 Uncommon trap: trap_request=0xffffffde fr.pc=0x000001ae2e35c8e0 relative=0x0000000000000a40
Event: 4.868 Thread 0x000001ae23b91830 Uncommon trap: reason=class_check action=maybe_recompile pc=0x000001ae2e35c8e0 method=java.util.HashMap.putVal(ILjava/lang/Object;Ljava/lang/Object;ZZ)Ljava/lang/Object; @ 253 c2
Event: 4.868 Thread 0x000001ae23b91830 DEOPT PACKING pc=0x000001ae2e35c8e0 sp=0x0000001d322fde70
Event: 4.868 Thread 0x000001ae23b91830 DEOPT UNPACKING pc=0x000001ae268720a3 sp=0x0000001d322fdd98 mode 2
Event: 4.869 Thread 0x000001ae23b91830 Uncommon trap: trap_request=0xffffffde fr.pc=0x000001ae2e35b414 relative=0x0000000000000974
Event: 4.869 Thread 0x000001ae23b91830 Uncommon trap: reason=class_check action=maybe_recompile pc=0x000001ae2e35b414 method=java.util.HashMap.putVal(ILjava/lang/Object;Ljava/lang/Object;ZZ)Ljava/lang/Object; @ 253 c2
Event: 4.869 Thread 0x000001ae23b91830 DEOPT PACKING pc=0x000001ae2e35b414 sp=0x0000001d322fdde0
Event: 4.869 Thread 0x000001ae23b91830 DEOPT UNPACKING pc=0x000001ae268720a3 sp=0x0000001d322fdd90 mode 2
Event: 5.045 Thread 0x000001ae23b91830 DEOPT PACKING pc=0x000001ae26f0cb61 sp=0x0000001d322fc8e0
Event: 5.045 Thread 0x000001ae23b91830 DEOPT UNPACKING pc=0x000001ae26872843 sp=0x0000001d322fbd68 mode 0
Event: 5.443 Thread 0x000001ae23b91830 DEOPT PACKING pc=0x000001ae26ede743 sp=0x0000001d322fe4e0
Event: 5.443 Thread 0x000001ae23b91830 DEOPT UNPACKING pc=0x000001ae26872843 sp=0x0000001d322fda00 mode 0
Event: 5.535 Thread 0x000001ae23b91830 DEOPT PACKING pc=0x000001ae26ede743 sp=0x0000001d322fe460
Event: 5.535 Thread 0x000001ae23b91830 DEOPT UNPACKING pc=0x000001ae26872843 sp=0x0000001d322fd980 mode 0

Classes unloaded (0 events):
No events

Classes redefined (0 events):
No events

Internal exceptions (20 events):
Event: 2.052 Thread 0x000001ae23b91830 Exception <a 'java/io/FileNotFoundException'{0x00000000eb8f9350}> (0x00000000eb8f9350) 
thrown [s\src\hotspot\share\prims\jni.cpp, line 516]
Event: 2.052 Thread 0x000001ae23b91830 Exception <a 'java/io/FileNotFoundException'{0x00000000eb8fa010}> (0x00000000eb8fa010) 
thrown [s\src\hotspot\share\prims\jni.cpp, line 516]
Event: 2.080 Thread 0x000001ae23b91830 Exception <a 'java/io/FileNotFoundException'{0x00000000eb93ab20}> (0x00000000eb93ab20) 
thrown [s\src\hotspot\share\prims\jni.cpp, line 516]
Event: 2.700 Thread 0x000001ae23b91830 Exception <a 'java/lang/ClassNotFoundException'{0x00000000ec12fb28}: sun/net/www/protocol/c/Handler> (0x00000000ec12fb28) 
thrown [s\src\hotspot\share\classfile\systemDictionary.cpp, line 256]
Event: 2.702 Thread 0x000001ae23b91830 Exception <a 'java/lang/ClassNotFoundException'{0x00000000ec130e98}: sun/net/www/protocol/c/Handler> (0x00000000ec130e98) 
thrown [s\src\hotspot\share\classfile\systemDictionary.cpp, line 256]
Event: 2.703 Thread 0x000001ae23b91830 Exception <a 'java/lang/ClassNotFoundException'{0x00000000ec132060}: sun/net/www/protocol/c/Handler> (0x00000000ec132060) 
thrown [s\src\hotspot\share\classfile\systemDictionary.cpp, line 256]
Event: 2.775 Thread 0x000001ae23b91830 Exception <a 'java/io/FileNotFoundException'{0x00000000ec158618}> (0x00000000ec158618) 
thrown [s\src\hotspot\share\prims\jni.cpp, line 516]
Event: 2.909 Thread 0x000001ae23b91830 Implicit null exception at 0x000001ae2e32e3e0 to 0x000001ae2e32ee20
Event: 2.910 Thread 0x000001ae23b91830 Implicit null exception at 0x000001ae2e31f22c to 0x000001ae2e31f664
Event: 2.910 Thread 0x000001ae23b91830 Implicit null exception at 0x000001ae2e31e7ac to 0x000001ae2e31ebec
Event: 2.911 Thread 0x000001ae23b91830 Implicit null exception at 0x000001ae2e33028f to 0x000001ae2e330309
Event: 3.096 Thread 0x000001ae23b91830 Exception <a 'java/lang/NoSuchMethodError'{0x00000000eab26a38}: 'int java.lang.invoke.DirectMethodHandle$Holder.invokeStaticInit(java.lang.Object, java.lang.Object, java.lang.Object, java.lang.Object)'> (0x00000000eab26a38) 
thrown [s\src\hotspot\share\interpreter\linkResolver.cpp, line 759]
Event: 3.117 Thread 0x000001ae23b91830 Exception <a 'java/lang/NoSuchMethodError'{0x00000000eab311b0}: 'java.lang.Object java.lang.invoke.DirectMethodHandle$Holder.invokeInterface(java.lang.Object, java.lang.Object)'> (0x00000000eab311b0) 
thrown [s\src\hotspot\share\interpreter\linkResolver.cpp, line 759]
Event: 3.118 Thread 0x000001ae23b91830 Exception <a 'java/lang/IncompatibleClassChangeError'{0x00000000eab349a8}: Found class java.lang.Object, but interface was expected> (0x00000000eab349a8) 
thrown [s\src\hotspot\share\interpreter\linkResolver.cpp, line 826]
Event: 3.134 Thread 0x000001ae23b91830 Exception <a 'java/lang/NoSuchMethodError'{0x00000000eab38ea0}: 'void java.lang.invoke.DirectMethodHandle$Holder.invokeStatic(java.lang.Object, java.lang.Object)'> (0x00000000eab38ea0) 
thrown [s\src\hotspot\share\interpreter\linkResolver.cpp, line 759]
Event: 3.136 Thread 0x000001ae23b91830 Exception <a 'java/lang/NoSuchMethodError'{0x00000000eab3c6a0}: 'void java.lang.invoke.DirectMethodHandle$Holder.invokeStaticInit(java.lang.Object, java.lang.Object)'> (0x00000000eab3c6a0) 
thrown [s\src\hotspot\share\interpreter\linkResolver.cpp, line 759]
Event: 3.181 Thread 0x000001ae23b91830 Exception <a 'java/lang/NoSuchMethodError'{0x00000000eab43bf8}: 'int java.lang.invoke.DirectMethodHandle$Holder.invokeStaticInit(java.lang.Object, java.lang.Object)'> (0x00000000eab43bf8) 
thrown [s\src\hotspot\share\interpreter\linkResolver.cpp, line 759]
Event: 3.657 Thread 0x000001ae23b91830 Exception <a 'java/lang/NoSuchMethodError'{0x00000000eacc6838}: 'void java.lang.invoke.DirectMethodHandle$Holder.invokeSpecial(java.lang.Object, java.lang.Object, java.lang.Object)'> (0x00000000eacc6838) 
thrown [s\src\hotspot\share\interpreter\linkResolver.cpp, line 759]
Event: 4.746 Thread 0x000001ae23b91830 Exception <a 'java/lang/NoSuchMethodError'{0x00000000eb978198}: 'java.lang.Object java.lang.invoke.DirectMethodHandle$Holder.newInvokeSpecial(java.lang.Object, int, java.lang.Object)'> (0x00000000eb978198) 
thrown [s\src\hotspot\share\interpreter\linkResolver.cpp, line 759]
Event: 5.717 Thread 0x000001ae23b91830 Exception <a 'java/lang/UnsatisfiedLinkError'{0x00000000ebef3e10}: 'void org.eclipse.equinox.launcher.JNIBridge._update_splash()'> (0x00000000ebef3e10) 
thrown [s\src\hotspot\share\prims\nativeLookup.cpp, line 543]

VM Operations (20 events):
Event: 1.738 Executing VM operation: Cleanup
Event: 1.738 Executing VM operation: Cleanup done
Event: 1.983 Executing VM operation: HandshakeAllThreads
Event: 1.983 Executing VM operation: HandshakeAllThreads done
Event: 2.029 Executing VM operation: HandshakeAllThreads
Event: 2.029 Executing VM operation: HandshakeAllThreads done
Event: 2.618 Executing VM operation: HandshakeAllThreads
Event: 2.618 Executing VM operation: HandshakeAllThreads done
Event: 3.048 Executing VM operation: ParallelGCFailedAllocation
Event: 3.060 Executing VM operation: ParallelGCFailedAllocation done
Event: 4.060 Executing VM operation: Cleanup
Event: 4.060 Executing VM operation: Cleanup done
Event: 4.637 Executing VM operation: HandshakeAllThreads
Event: 4.637 Executing VM operation: HandshakeAllThreads done
Event: 4.640 Executing VM operation: HandshakeAllThreads
Event: 4.640 Executing VM operation: HandshakeAllThreads done
Event: 4.659 Executing VM operation: HandshakeAllThreads
Event: 4.659 Executing VM operation: HandshakeAllThreads done
Event: 5.660 Executing VM operation: Cleanup
Event: 5.660 Executing VM operation: Cleanup done

Events (20 events):
Event: 5.142 loading class sun/nio/ch/FileChannelImpl$Closer done
Event: 5.642 Thread 0x000001ae3b84ae50 Thread added: 0x000001ae3b84ae50
Event: 5.700 Thread 0x000001ae3b9de4e0 Thread added: 0x000001ae3b9de4e0
Event: 5.716 Thread 0x000001ae3b8de0f0 Thread added: 0x000001ae3b8de0f0
Event: 5.726 loading class java/util/concurrent/locks/AbstractQueuedSynchronizer$SharedNode
Event: 5.727 loading class java/util/concurrent/locks/AbstractQueuedSynchronizer$SharedNode done
Event: 5.727 loading class java/util/concurrent/locks/AbstractQueuedSynchronizer$ExclusiveNode
Event: 5.727 loading class java/util/concurrent/locks/AbstractQueuedSynchronizer$ExclusiveNode done
Event: 5.741 loading class java/util/concurrent/CountDownLatch
Event: 5.742 loading class java/util/concurrent/CountDownLatch done
Event: 5.742 loading class java/util/concurrent/CountDownLatch$Sync
Event: 5.742 loading class java/util/concurrent/CountDownLatch$Sync done
Event: 5.864 Thread 0x000001ae3b84ae50 Thread exited: 0x000001ae3b84ae50
Event: 5.899 loading class java/lang/IllegalAccessError
Event: 5.899 loading class java/lang/IllegalAccessError done
Event: 5.931 loading class java/util/TimerTask
Event: 5.931 loading class java/util/TimerTask done
Event: 5.947 Thread 0x000001ae3b84ae50 Thread added: 0x000001ae3b84ae50
Event: 5.954 loading class java/util/MissingResourceException
Event: 5.955 loading class java/util/MissingResourceException done


Dynamic libraries:
0x00007ff6e9db0000 - 0x00007ff6e9dbe000 	c:\Users\lakit\.vscode\extensions\redhat.java-1.13.0-win32-x64\jre\17.0.5-win32-x86_64\bin\java.exe
0x00007ffd7fda0000 - 0x00007ffd7ffa9000 	C:\WINDOWS\SYSTEM32\ntdll.dll
0x00007ffd7eb40000 - 0x00007ffd7ebfd000 	C:\WINDOWS\System32\KERNEL32.DLL
0x00007ffd7d780000 - 0x00007ffd7dafb000 	C:\WINDOWS\System32\KERNELBASE.dll
0x00007ffd7d5e0000 - 0x00007ffd7d6f1000 	C:\WINDOWS\System32\ucrtbase.dll
0x00007ffd5a1b0000 - 0x00007ffd5a1c7000 	c:\Users\lakit\.vscode\extensions\redhat.java-1.13.0-win32-x64\jre\17.0.5-win32-x86_64\bin\jli.dll
0x00007ffd7e130000 - 0x00007ffd7e2dd000 	C:\WINDOWS\System32\USER32.dll
0x00007ffd7d270000 - 0x00007ffd7d296000 	C:\WINDOWS\System32\win32u.dll
0x00007ffd7ed50000 - 0x00007ffd7ed79000 	C:\WINDOWS\System32\GDI32.dll
0x00007ffd7db00000 - 0x00007ffd7dc18000 	C:\WINDOWS\System32\gdi32full.dll
0x00007ffd7d540000 - 0x00007ffd7d5dd000 	C:\WINDOWS\System32\msvcp_win.dll
0x00007ffd553d0000 - 0x00007ffd553e9000 	c:\Users\lakit\.vscode\extensions\redhat.java-1.13.0-win32-x64\jre\17.0.5-win32-x86_64\bin\VCRUNTIME140.dll
0x00007ffd52f80000 - 0x00007ffd53225000 	C:\WINDOWS\WinSxS\amd64_microsoft.windows.common-controls_6595b64144ccf1df_6.0.22000.120_none_9d947278b86cc467\COMCTL32.dll
0x00007ffd7fb50000 - 0x00007ffd7fbf3000 	C:\WINDOWS\System32\msvcrt.dll
0x00007ffd7f5f0000 - 0x00007ffd7f621000 	C:\WINDOWS\System32\IMM32.DLL
0x00007ffd5a280000 - 0x00007ffd5a28c000 	c:\Users\lakit\.vscode\extensions\redhat.java-1.13.0-win32-x64\jre\17.0.5-win32-x86_64\bin\vcruntime140_1.dll
0x00007ffd371b0000 - 0x00007ffd37241000 	c:\Users\lakit\.vscode\extensions\redhat.java-1.13.0-win32-x64\jre\17.0.5-win32-x86_64\bin\msvcp140.dll
0x00007ffd2fbf0000 - 0x00007ffd30834000 	c:\Users\lakit\.vscode\extensions\redhat.java-1.13.0-win32-x64\jre\17.0.5-win32-x86_64\bin\server\jvm.dll
0x00007ffd7faa0000 - 0x00007ffd7fb4e000 	C:\WINDOWS\System32\ADVAPI32.dll
0x00007ffd7fcc0000 - 0x00007ffd7fd5e000 	C:\WINDOWS\System32\sechost.dll
0x00007ffd7dd00000 - 0x00007ffd7de20000 	C:\WINDOWS\System32\RPCRT4.dll
0x00007ffd4b8f0000 - 0x00007ffd4b8f9000 	C:\WINDOWS\SYSTEM32\WSOCK32.dll
0x00007ffd7ed80000 - 0x00007ffd7edef000 	C:\WINDOWS\System32\WS2_32.dll
0x00007ffd78130000 - 0x00007ffd78163000 	C:\WINDOWS\SYSTEM32\WINMM.dll
0x00007ffd75520000 - 0x00007ffd7552a000 	C:\WINDOWS\SYSTEM32\VERSION.dll
0x00007ffd7c2f0000 - 0x00007ffd7c308000 	C:\WINDOWS\SYSTEM32\kernel.appcore.dll
0x00007ffd5a1a0000 - 0x00007ffd5a1aa000 	c:\Users\lakit\.vscode\extensions\redhat.java-1.13.0-win32-x64\jre\17.0.5-win32-x86_64\bin\jimage.dll
0x00007ffd686f0000 - 0x00007ffd68911000 	C:\WINDOWS\SYSTEM32\DBGHELP.DLL
0x00007ffd6a0a0000 - 0x00007ffd6a0d1000 	C:\WINDOWS\SYSTEM32\dbgcore.DLL
0x00007ffd7d700000 - 0x00007ffd7d77f000 	C:\WINDOWS\System32\bcryptPrimitives.dll
0x00007ffd5a0f0000 - 0x00007ffd5a0fe000 	c:\Users\lakit\.vscode\extensions\redhat.java-1.13.0-win32-x64\jre\17.0.5-win32-x86_64\bin\instrument.dll
0x00007ffd54000000 - 0x00007ffd54025000 	c:\Users\lakit\.vscode\extensions\redhat.java-1.13.0-win32-x64\jre\17.0.5-win32-x86_64\bin\java.dll
0x00007ffd53fe0000 - 0x00007ffd53ff8000 	c:\Users\lakit\.vscode\extensions\redhat.java-1.13.0-win32-x64\jre\17.0.5-win32-x86_64\bin\zip.dll
0x00007ffd7ee30000 - 0x00007ffd7f5e8000 	C:\WINDOWS\System32\SHELL32.dll
0x00007ffd7b360000 - 0x00007ffd7bbc5000 	C:\WINDOWS\SYSTEM32\windows.storage.dll
0x00007ffd7e750000 - 0x00007ffd7eac7000 	C:\WINDOWS\System32\combase.dll
0x00007ffd7b1f0000 - 0x00007ffd7b356000 	C:\WINDOWS\SYSTEM32\wintypes.dll
0x00007ffd7ec00000 - 0x00007ffd7ecea000 	C:\WINDOWS\System32\SHCORE.dll
0x00007ffd7ecf0000 - 0x00007ffd7ed4d000 	C:\WINDOWS\System32\shlwapi.dll
0x00007ffd7d1a0000 - 0x00007ffd7d1c1000 	C:\WINDOWS\SYSTEM32\profapi.dll
0x00007ffd528b0000 - 0x00007ffd528c9000 	C:\Users\lakit\.vscode\extensions\redhat.java-1.13.0-win32-x64\jre\17.0.5-win32-x86_64\bin\net.dll
0x00007ffd77830000 - 0x00007ffd7793c000 	C:\WINDOWS\SYSTEM32\WINHTTP.dll
0x00007ffd7c790000 - 0x00007ffd7c7f7000 	C:\WINDOWS\system32\mswsock.dll
0x00007ffd52720000 - 0x00007ffd52735000 	C:\Users\lakit\.vscode\extensions\redhat.java-1.13.0-win32-x64\jre\17.0.5-win32-x86_64\bin\nio.dll
0x00007ffd55470000 - 0x00007ffd55480000 	c:\Users\lakit\.vscode\extensions\redhat.java-1.13.0-win32-x64\jre\17.0.5-win32-x86_64\bin\verify.dll
0x00007ffd52140000 - 0x00007ffd5217e000 	C:\Users\lakit\AppData\Roaming\Code\User\globalStorage\redhat.java\1.13.0\config_win\org.eclipse.equinox.launcher\org.eclipse.equinox.launcher.win32.win32.x86_64_1.2.600.v20220720-1916\eclipse_11700.dll
0x00007ffd7df10000 - 0x00007ffd7e0aa000 	C:\WINDOWS\System32\ole32.dll

dbghelp: loaded successfully - version: 4.0.5 - missing functions: none
symbol engine: initialized successfully - sym options: 0x614 - pdb path: .;c:\Users\lakit\.vscode\extensions\redhat.java-1.13.0-win32-x64\jre\17.0.5-win32-x86_64\bin;C:\WINDOWS\SYSTEM32;C:\WINDOWS\WinSxS\amd64_microsoft.windows.common-controls_6595b64144ccf1df_6.0.22000.120_none_9d947278b86cc467;c:\Users\lakit\.vscode\extensions\redhat.java-1.13.0-win32-x64\jre\17.0.5-win32-x86_64\bin\server;C:\Users\lakit\AppData\Roaming\Code\User\globalStorage\redhat.java\1.13.0\config_win\org.eclipse.equinox.launcher\org.eclipse.equinox.launcher.win32.win32.x86_64_1.2.600.v20220720-1916

VM Arguments:
jvm_args: --add-modules=ALL-SYSTEM --add-opens=java.base/java.util=ALL-UNNAMED --add-opens=java.base/java.lang=ALL-UNNAMED --add-opens=java.base/sun.nio.fs=ALL-UNNAMED -Declipse.application=org.eclipse.jdt.ls.core.id1 -Dosgi.bundles.defaultStartLevel=4 -Declipse.product=org.eclipse.jdt.ls.core.product -Djava.import.generatesMetadataFilesAtProjectRoot=false -Dfile.encoding=utf8 -XX:+UseParallelGC -XX:GCTimeRatio=4 -XX:AdaptiveSizePolicyWeight=90 -Dsun.zip.disableMemoryMapping=true -Xmx1G -Xms100m -Xlog:disable -javaagent:c:\Users\lakit\.vscode\extensions\redhat.java-1.13.0-win32-x64\lombok\lombok-1.18.24.jar -XX:+HeapDumpOnOutOfMemoryError -XX:HeapDumpPath=c:\Users\lakit\AppData\Roaming\Code\User\workspaceStorage\5cb69a7ab363b47045258b623378d779\redhat.java 
java_command: c:\Users\lakit\.vscode\extensions\redhat.java-1.13.0-win32-x64\server\plugins\org.eclipse.equinox.launcher_1.6.400.v20210924-0641.jar -configuration c:\Users\lakit\AppData\Roaming\Code\User\globalStorage\redhat.java\1.13.0\config_win -data c:\Users\lakit\AppData\Roaming\Code\User\workspaceStorage\5cb69a7ab363b47045258b623378d779\redhat.java\jdt_ws
java_class_path (initial): c:\Users\lakit\.vscode\extensions\redhat.java-1.13.0-win32-x64\server\plugins\org.eclipse.equinox.launcher_1.6.400.v20210924-0641.jar
Launcher Type: SUN_STANDARD

[Global flags]
    uintx AdaptiveSizePolicyWeight                 = 90                                        {product} {command line}
     intx CICompilerCount                          = 4                                         {product} {ergonomic}
    uintx GCTimeRatio                              = 4                                         {product} {command line}
     bool HeapDumpOnOutOfMemoryError               = true                                   {manageable} {command line}
    ccstr HeapDumpPath                             = c:\Users\lakit\AppData\Roaming\Code\User\workspaceStorage\5cb69a7ab363b47045258b623378d779\redhat.java         {manageable} {command line}
   size_t InitialHeapSize                          = 104857600                                 {product} {command line}
   size_t MaxHeapSize                              = 1073741824                                {product} {command line}
   size_t MaxNewSize                               = 357564416                                 {product} {ergonomic}
   size_t MinHeapDeltaBytes                        = 524288                                    {product} {ergonomic}
   size_t MinHeapSize                              = 104857600                                 {product} {command line}
   size_t NewSize                                  = 34603008                                  {product} {ergonomic}
    uintx NonNMethodCodeHeapSize                   = 5839372                                {pd product} {ergonomic}
    uintx NonProfiledCodeHeapSize                  = 122909434                              {pd product} {ergonomic}
   size_t OldSize                                  = 70254592                                  {product} {ergonomic}
    uintx ProfiledCodeHeapSize                     = 122909434                              {pd product} {ergonomic}
    uintx ReservedCodeCacheSize                    = 251658240                              {pd product} {ergonomic}
     bool SegmentedCodeCache                       = true                                      {product} {ergonomic}
   size_t SoftMaxHeapSize                          = 1073741824                             {manageable} {ergonomic}
     bool UseCompressedClassPointers               = true                           {product lp64_product} {ergonomic}
     bool UseCompressedOops                        = true                           {product lp64_product} {ergonomic}
     bool UseLargePagesIndividualAllocation        = false                                  {pd product} {ergonomic}
     bool UseParallelGC                            = true                                      {product} {command line}

Logging:
Log output configuration:
 #0: stdout all=off uptime,level,tags
 #1: stderr all=off uptime,level,tags

Environment Variables:
JAVA_HOME=C:\Program Files\Java\jdk-16.0.2
PATH=C:\Program Files\Common Files\Oracle\Java\javapath;C:\WINDOWS\system32;C:\WINDOWS;C:\WINDOWS\System32\Wbem;C:\WINDOWS\System32\WindowsPowerShell\v1.0\;C:\WINDOWS\System32\OpenSSH\;C:\Program Files\nodejs\;C:\Program Files\Java\jdk-16.0.2;C:\Users\lakit\AppData\Local\Android\Sdk;C:\Users\lakit\AppData\Local\Android\Sdk\platform-tools;C:\Users\lakit\AppData\Local\Android\Sdk\emulator;C:\Users\lakit\AppData\Roaming\npm;C:\Program Files\Git\cmd;C:\Program Files\CMake\bin;C:\Strawberry\perl\bin;C:\Strawberry\perl\site\bin;C:\Strawberry\c\bin;C:\Program Files\Java\jdk-11.0.17;C:\Users\lakit\AppData\Local\Programs\Python\Python36\Scripts\;C:\Users\lakit\AppData\Local\Programs\Python\Python36\;C:\Users\lakit\AppData\Local\Programs\Python\Python39\Scripts\;C:\Users\lakit\AppData\Local\Programs\Python\Python39\;C:\Users\lakit\AppData\Local\Microsoft\WindowsApps;C:\Users\lakit\AppData\Local\Programs\Microsoft VS Code\bin;C:\Users\lakit\AppData\Roaming\npm;C:\Users\lakit\AppData\Local\Android\Sdk;C:\Users\lakit\AppData\Local\Android\Sdk\platform-tools;C:\Users\lakit\AppData\Local\Android\Sdk\tools
USERNAME=lakit
OS=Windows_NT
PROCESSOR_IDENTIFIER=Intel64 Family 6 Model 142 Stepping 10, GenuineIntel
TMP=C:\Users\lakit\AppData\Local\Temp
TEMP=C:\Users\lakit\AppData\Local\Temp



---------------  S Y S T E M  ---------------

OS:
 Windows 11 , 64 bit Build 22000 (10.0.22000.708)
OS uptime: 0 days 3:31 hours

CPU: total 8 (initial active 8) (4 cores per cpu, 2 threads per core) family 6 model 142 stepping 10 microcode 0xe0, cx8, cmov, fxsr, ht, mmx, 3dnowpref, sse, sse2, sse3, ssse3, sse4.1, sse4.2, popcnt, lzcnt, tsc, tscinvbit, avx, avx2, aes, erms, clmul, bmi1, bmi2, adx, fma, vzeroupper, clflush, clflushopt

Memory: 4k page, system-wide physical 8069M (855M free)
TotalPageFile size 18569M (AvailPageFile size 304M)
current process WorkingSet (physical memory assigned to process): 86M, peak: 86M
current process commit charge ("private bytes"): 206M, peak: 206M

vm_info: OpenJDK 64-Bit Server VM (17.0.5+8) for windows-amd64 JRE (17.0.5+8), built on Oct 19 2022 04:48:13 by "temurin" with MS VC++ 16.7 (VS2019)

END.
