#
# There is insufficient memory for the Java Runtime Environment to continue.
# Native memory allocation (mmap) failed to map 65536 bytes for Failed to commit metaspace.
# Possible reasons:
#   The system is out of physical RAM or swap space
#   The process is running with CompressedOops enabled, and the Java Heap may be blocking the growth of the native heap
# Possible solutions:
#   Reduce memory load on the system
#   Increase physical memory or swap space
#   Check if swap backing store is full
#   Decrease Java heap size (-Xmx/-Xms)
#   Decrease number of Java threads
#   Decrease Java thread stack sizes (-Xss)
#   Set larger code cache with -XX:ReservedCodeCacheSize=
#   JVM is running with Unscaled Compressed Oops mode in which the Java heap is
#     placed in the first 4GB address space. The Java Heap base address is the
#     maximum limit for the native heap growth. Please use -XX:HeapBaseMinAddress
#     to set the Java Heap base and to place the Java Heap above 4GB virtual address.
# This output file may be truncated or incomplete.
#
#  Out of Memory Error (virtualSpaceNode.cpp:110), pid=8344, tid=8900
#
# JRE version: OpenJDK Runtime Environment Temurin-17.0.5+8 (17.0.5+8) (build 17.0.5+8)
# Java VM: OpenJDK 64-Bit Server VM Temurin-17.0.5+8 (17.0.5+8, mixed mode, tiered, compressed oops, compressed class ptrs, parallel gc, windows-amd64)
# No core dump will be written. Minidumps are not enabled by default on client versions of Windows
#

---------------  S U M M A R Y ------------

Command Line: --add-modules=ALL-SYSTEM --add-opens=java.base/java.util=ALL-UNNAMED --add-opens=java.base/java.lang=ALL-UNNAMED --add-opens=java.base/sun.nio.fs=ALL-UNNAMED -Declipse.application=org.eclipse.jdt.ls.core.id1 -Dosgi.bundles.defaultStartLevel=4 -Declipse.product=org.eclipse.jdt.ls.core.product -Djava.import.generatesMetadataFilesAtProjectRoot=false -Dfile.encoding=utf8 -XX:+UseParallelGC -XX:GCTimeRatio=4 -XX:AdaptiveSizePolicyWeight=90 -Dsun.zip.disableMemoryMapping=true -Xmx1G -Xms100m -Xlog:disable -javaagent:c:\Users\lakit\.vscode\extensions\redhat.java-1.13.0-win32-x64\lombok\lombok-1.18.24.jar c:\Users\lakit\.vscode\extensions\redhat.java-1.13.0-win32-x64\server\plugins\org.eclipse.equinox.launcher_1.6.400.v20210924-0641.jar -configuration c:\Users\lakit\AppData\Roaming\Code\User\globalStorage\redhat.java\1.13.0\config_ss_win -data c:\Users\lakit\AppData\Roaming\Code\User\workspaceStorage\5cb69a7ab363b47045258b623378d779\redhat.java\ss_ws

Host: Intel(R) Core(TM) i5-8250U CPU @ 1.60GHz, 8 cores, 7G,  Windows 11 , 64 bit Build 22000 (10.0.22000.708)
Time: Fri Dec 16 16:32:13 2022 Sri Lanka Standard Time elapsed time: 6.432583 seconds (0d 0h 0m 6s)

---------------  T H R E A D  ---------------

Current thread (0x0000019ac55b7c60):  JavaThread "Start Level: Equinox Container: b3cac8a3-48e9-4e93-846f-ea2e4c510b16" daemon [_thread_in_vm, id=8900, stack(0x000000364fc00000,0x000000364fd00000)]

Stack: [0x000000364fc00000,0x000000364fd00000]
Native frames: (J=compiled Java code, j=interpreted, Vv=VM code, C=native code)
V  [jvm.dll+0x676b3a]
V  [jvm.dll+0x831444]
V  [jvm.dll+0x832bee]
V  [jvm.dll+0x833253]
V  [jvm.dll+0x244ce5]
V  [jvm.dll+0x82d4db]
V  [jvm.dll+0x61b2f6]
V  [jvm.dll+0x1bfd2e]
V  [jvm.dll+0x61dc41]
V  [jvm.dll+0x61bc96]
V  [jvm.dll+0x625b37]
V  [jvm.dll+0x1e99bb]
V  [jvm.dll+0x1e9ef5]
V  [jvm.dll+0x1ea92f]
V  [jvm.dll+0x1dfdd1]
V  [jvm.dll+0x53be30]
V  [jvm.dll+0x7ac5a8]
V  [jvm.dll+0x7ac694]
V  [jvm.dll+0x40ba25]
V  [jvm.dll+0x411bb8]
C  [java.dll+0x17ec]

Java frames: (J=compiled Java code, j=interpreted, Vv=VM code)
J 1150  java.lang.ClassLoader.defineClass1(Ljava/lang/ClassLoader;Ljava/lang/String;[BIILjava/security/ProtectionDomain;Ljava/lang/String;)Ljava/lang/Class; java.base@17.0.5 (0 bytes) @ 0x0000019ab80b895b [0x0000019ab80b88a0+0x00000000000000bb]
J 1742 c1 java.lang.ClassLoader.defineClass(Ljava/lang/String;[BIILjava/security/ProtectionDomain;)Ljava/lang/Class; java.base@17.0.5 (43 bytes) @ 0x0000019ab0e50654 [0x0000019ab0e50300+0x0000000000000354]
j  org.eclipse.osgi.internal.loader.ModuleClassLoader.defineClass(Ljava/lang/String;[BLorg/eclipse/osgi/internal/loader/classpath/ClasspathEntry;)Lorg/eclipse/osgi/internal/loader/ModuleClassLoader$DefineClassResult;+42
J 1812 c1 org.eclipse.osgi.internal.loader.classpath.ClasspathManager.defineClass(Ljava/lang/String;[BLorg/eclipse/osgi/internal/loader/classpath/ClasspathEntry;Lorg/eclipse/osgi/storage/bundlefile/BundleEntry;Ljava/util/List;)Ljava/lang/Class; (636 bytes) @ 0x0000019ab0e86dc4 [0x0000019ab0e853e0+0x00000000000019e4]
j  org.eclipse.osgi.internal.loader.classpath.ClasspathManager.findClassImpl(Ljava/lang/String;Lorg/eclipse/osgi/internal/loader/classpath/ClasspathEntry;Ljava/util/List;)Ljava/lang/Class;+269
j  org.eclipse.osgi.internal.loader.classpath.ClasspathManager.findLocalClassImpl(Ljava/lang/String;[Lorg/eclipse/osgi/internal/loader/classpath/ClasspathEntry;Ljava/util/List;)Ljava/lang/Class;+30
j  org.eclipse.osgi.internal.loader.classpath.ClasspathManager.findLocalClassImpl(Ljava/lang/String;Ljava/util/List;)Ljava/lang/Class;+69
J 1782 c1 org.eclipse.osgi.internal.loader.classpath.ClasspathManager.findLocalClass(Ljava/lang/String;)Ljava/lang/Class; (210 bytes) @ 0x0000019ab0e71cbc [0x0000019ab0e71020+0x0000000000000c9c]
J 1780 c1 org.eclipse.osgi.internal.loader.BundleLoader.findLocalClass(Ljava/lang/String;)Ljava/lang/Class; (152 bytes) @ 0x0000019ab0e6f16c [0x0000019ab0e6e920+0x000000000000084c]
J 1749 c1 org.eclipse.osgi.internal.loader.BundleLoader.findClass0(Ljava/lang/String;ZZ)Ljava/lang/Class; (466 bytes) @ 0x0000019ab0e55904 [0x0000019ab0e53220+0x00000000000026e4]
J 1704 c1 org.eclipse.osgi.internal.loader.BundleLoader.findClass(Ljava/lang/String;)Ljava/lang/Class; (8 bytes) @ 0x0000019ab0e4221c [0x0000019ab0e421a0+0x000000000000007c]
J 1706 c1 org.eclipse.osgi.internal.loader.ModuleClassLoader.loadClass(Ljava/lang/String;Z)Ljava/lang/Class; (36 bytes) @ 0x0000019ab0e4353c [0x0000019ab0e43320+0x000000000000021c]
J 979 c1 java.lang.ClassLoader.loadClass(Ljava/lang/String;)Ljava/lang/Class; java.base@17.0.5 (7 bytes) @ 0x0000019ab0cd623c [0x0000019ab0cd6140+0x00000000000000fc]
v  ~StubRoutines::call_stub
j  java.lang.Class.getDeclaredConstructors0(Z)[Ljava/lang/reflect/Constructor;+0 java.base@17.0.5
j  java.lang.Class.privateGetDeclaredConstructors(Z)[Ljava/lang/reflect/Constructor;+52 java.base@17.0.5
j  java.lang.Class.getConstructor0([Ljava/lang/Class;I)Ljava/lang/reflect/Constructor;+14 java.base@17.0.5
j  java.lang.Class.getConstructor([Ljava/lang/Class;)Ljava/lang/reflect/Constructor;+24 java.base@17.0.5
j  org.eclipse.osgi.internal.framework.BundleContextImpl.loadBundleActivator()Lorg/osgi/framework/BundleActivator;+105
j  org.eclipse.osgi.internal.framework.BundleContextImpl.start()V+18
j  org.eclipse.osgi.internal.framework.EquinoxBundle.startWorker0()V+35
j  org.eclipse.osgi.internal.framework.EquinoxBundle$EquinoxModule.startWorker()V+4
j  org.eclipse.osgi.container.Module.doStart([Lorg/eclipse/osgi/container/Module$StartOptions;)Lorg/eclipse/osgi/container/ModuleContainerAdaptor$ModuleEvent;+190
j  org.eclipse.osgi.container.Module.start([Lorg/eclipse/osgi/container/Module$StartOptions;)V+460
j  org.eclipse.osgi.framework.util.SecureAction.start(Lorg/eclipse/osgi/container/Module;[Lorg/eclipse/osgi/container/Module$StartOptions;)V+8
J 1890 c1 org.eclipse.osgi.internal.hooks.EclipseLazyStarter.postFindLocalClass(Ljava/lang/String;Ljava/lang/Class;Lorg/eclipse/osgi/internal/loader/classpath/ClasspathManager;)V (394 bytes) @ 0x0000019ab0ea8b5c [0x0000019ab0ea7be0+0x0000000000000f7c]
J 1782 c1 org.eclipse.osgi.internal.loader.classpath.ClasspathManager.findLocalClass(Ljava/lang/String;)Ljava/lang/Class; (210 bytes) @ 0x0000019ab0e71fd4 [0x0000019ab0e71020+0x0000000000000fb4]
J 1780 c1 org.eclipse.osgi.internal.loader.BundleLoader.findLocalClass(Ljava/lang/String;)Ljava/lang/Class; (152 bytes) @ 0x0000019ab0e6f16c [0x0000019ab0e6e920+0x000000000000084c]
J 1749 c1 org.eclipse.osgi.internal.loader.BundleLoader.findClass0(Ljava/lang/String;ZZ)Ljava/lang/Class; (466 bytes) @ 0x0000019ab0e55904 [0x0000019ab0e53220+0x00000000000026e4]
J 1704 c1 org.eclipse.osgi.internal.loader.BundleLoader.findClass(Ljava/lang/String;)Ljava/lang/Class; (8 bytes) @ 0x0000019ab0e4221c [0x0000019ab0e421a0+0x000000000000007c]
J 1706 c1 org.eclipse.osgi.internal.loader.ModuleClassLoader.loadClass(Ljava/lang/String;Z)Ljava/lang/Class; (36 bytes) @ 0x0000019ab0e4353c [0x0000019ab0e43320+0x000000000000021c]
J 979 c1 java.lang.ClassLoader.loadClass(Ljava/lang/String;)Ljava/lang/Class; java.base@17.0.5 (7 bytes) @ 0x0000019ab0cd623c [0x0000019ab0cd6140+0x00000000000000fc]
v  ~StubRoutines::call_stub
j  java.lang.Class.getDeclaredConstructors0(Z)[Ljava/lang/reflect/Constructor;+0 java.base@17.0.5
j  java.lang.Class.privateGetDeclaredConstructors(Z)[Ljava/lang/reflect/Constructor;+52 java.base@17.0.5
j  java.lang.Class.getConstructor0([Ljava/lang/Class;I)Ljava/lang/reflect/Constructor;+14 java.base@17.0.5
j  java.lang.Class.getConstructor([Ljava/lang/Class;)Ljava/lang/reflect/Constructor;+24 java.base@17.0.5
j  org.eclipse.osgi.internal.framework.BundleContextImpl.loadBundleActivator()Lorg/osgi/framework/BundleActivator;+105
j  org.eclipse.osgi.internal.framework.BundleContextImpl.start()V+18
j  org.eclipse.osgi.internal.framework.EquinoxBundle.startWorker0()V+35
j  org.eclipse.osgi.internal.framework.EquinoxBundle$EquinoxModule.startWorker()V+4
j  org.eclipse.osgi.container.Module.doStart([Lorg/eclipse/osgi/container/Module$StartOptions;)Lorg/eclipse/osgi/container/ModuleContainerAdaptor$ModuleEvent;+190
j  org.eclipse.osgi.container.Module.start([Lorg/eclipse/osgi/container/Module$StartOptions;)V+460
j  org.eclipse.osgi.container.ModuleContainer$ContainerStartLevel$2.run()V+71
j  org.eclipse.osgi.internal.framework.EquinoxContainerAdaptor$1$1.execute(Ljava/lang/Runnable;)V+1
j  org.eclipse.osgi.container.ModuleContainer$ContainerStartLevel.incStartLevel(ILjava/util/List;Z)V+192
j  org.eclipse.osgi.container.ModuleContainer$ContainerStartLevel.incStartLevel(ILjava/util/List;Ljava/util/List;Ljava/util/List;Ljava/util/List;)V+19
j  org.eclipse.osgi.container.ModuleContainer$ContainerStartLevel.doContainerStartLevel(Lorg/eclipse/osgi/container/Module;I[Lorg/osgi/framework/FrameworkListener;)V+349
j  org.eclipse.osgi.container.ModuleContainer$ContainerStartLevel.dispatchEvent(Lorg/eclipse/osgi/container/Module;[Lorg/osgi/framework/FrameworkListener;ILjava/lang/Integer;)V+32
j  org.eclipse.osgi.container.ModuleContainer$ContainerStartLevel.dispatchEvent(Ljava/lang/Object;Ljava/lang/Object;ILjava/lang/Object;)V+15
j  org.eclipse.osgi.framework.eventmgr.EventManager.dispatchEvent(Ljava/util/Set;Lorg/eclipse/osgi/framework/eventmgr/EventDispatcher;ILjava/lang/Object;)V+48
j  org.eclipse.osgi.framework.eventmgr.EventManager$EventThread.run()V+26
v  ~StubRoutines::call_stub

---------------  P R O C E S S  ---------------

Threads class SMR info:
_java_thread_list=0x0000019ac549eb30, length=17, elements={
0x0000019aad8ee5f0, 0x0000019ac1771030, 0x0000019ac1773a30, 0x0000019ac17792f0,
0x0000019ac1779cb0, 0x0000019ac177c770, 0x0000019ac177d120, 0x0000019ac177de00,
0x0000019ac32de670, 0x0000019ac32e1420, 0x0000019ac33d37c0, 0x0000019ac35dd060,
0x0000019ac486dac0, 0x0000019ac489e7c0, 0x0000019ac55b7c60, 0x0000019ac55b8130,
0x0000019ac55af050
}

Java Threads: ( => current thread )
  0x0000019aad8ee5f0 JavaThread "main" [_thread_blocked, id=12296, stack(0x000000364e300000,0x000000364e400000)]
  0x0000019ac1771030 JavaThread "Reference Handler" daemon [_thread_blocked, id=4316, stack(0x000000364e600000,0x000000364e700000)]
  0x0000019ac1773a30 JavaThread "Finalizer" daemon [_thread_blocked, id=8360, stack(0x000000364e700000,0x000000364e800000)]
  0x0000019ac17792f0 JavaThread "Signal Dispatcher" daemon [_thread_blocked, id=11352, stack(0x000000364e900000,0x000000364ea00000)]
  0x0000019ac1779cb0 JavaThread "Attach Listener" daemon [_thread_blocked, id=15180, stack(0x000000364ea00000,0x000000364eb00000)]
  0x0000019ac177c770 JavaThread "Service Thread" daemon [_thread_blocked, id=13840, stack(0x000000364eb00000,0x000000364ec00000)]
  0x0000019ac177d120 JavaThread "Monitor Deflation Thread" daemon [_thread_blocked, id=404, stack(0x000000364ec00000,0x000000364ed00000)]
  0x0000019ac177de00 JavaThread "C2 CompilerThread0" daemon [_thread_blocked, id=10404, stack(0x000000364ed00000,0x000000364ee00000)]
  0x0000019ac32de670 JavaThread "C1 CompilerThread0" daemon [_thread_blocked, id=10920, stack(0x000000364ee00000,0x000000364ef00000)]
  0x0000019ac32e1420 JavaThread "Sweeper thread" daemon [_thread_blocked, id=668, stack(0x000000364ef00000,0x000000364f000000)]
  0x0000019ac33d37c0 JavaThread "Common-Cleaner" daemon [_thread_blocked, id=13968, stack(0x000000364f000000,0x000000364f100000)]
  0x0000019ac35dd060 JavaThread "Notification Thread" daemon [_thread_blocked, id=5276, stack(0x000000364f100000,0x000000364f200000)]
  0x0000019ac486dac0 JavaThread "Active Thread: Equinox Container: b3cac8a3-48e9-4e93-846f-ea2e4c510b16" [_thread_blocked, id=3252, stack(0x000000364f900000,0x000000364fa00000)]
  0x0000019ac489e7c0 JavaThread "Framework Event Dispatcher: Equinox Container: b3cac8a3-48e9-4e93-846f-ea2e4c510b16" daemon [_thread_blocked, id=10000, stack(0x000000364fb00000,0x000000364fc00000)]
=>0x0000019ac55b7c60 JavaThread "Start Level: Equinox Container: b3cac8a3-48e9-4e93-846f-ea2e4c510b16" daemon [_thread_in_vm, id=8900, stack(0x000000364fc00000,0x000000364fd00000)]
  0x0000019ac55b8130 JavaThread "SCR Component Actor" daemon [_thread_blocked, id=6160, stack(0x000000364fd00000,0x000000364fe00000)]
  0x0000019ac55af050 JavaThread "SCR Component Registry" daemon [_thread_blocked, id=408, stack(0x000000364fe00000,0x000000364ff00000)]

Other Threads:
  0x0000019ac1617210 VMThread "VM Thread" [stack: 0x000000364e500000,0x000000364e600000] [id=12800] _threads_hazard_ptr=0x0000019ac549eb30
  0x0000019ac35de940 WatcherThread [stack: 0x000000364f200000,0x000000364f300000] [id=9180]
  0x0000019aad8fd160 GCTaskThread "GC Thread#0" [stack: 0x000000364e400000,0x000000364e500000] [id=3304]
  0x0000019ac485e110 GCTaskThread "GC Thread#1" [stack: 0x000000364f300000,0x000000364f400000] [id=13228]
  0x0000019ac474a800 GCTaskThread "GC Thread#2" [stack: 0x000000364f400000,0x000000364f500000] [id=10344]
  0x0000019ac474aab0 GCTaskThread "GC Thread#3" [stack: 0x000000364f500000,0x000000364f600000] [id=10260]
  0x0000019ac474ad60 GCTaskThread "GC Thread#4" [stack: 0x000000364f600000,0x000000364f700000] [id=11292]
  0x0000019ac474b010 GCTaskThread "GC Thread#5" [stack: 0x000000364f700000,0x000000364f800000] [id=11296]
  0x0000019ac474b2c0 GCTaskThread "GC Thread#6" [stack: 0x000000364f800000,0x000000364f900000] [id=7120]
  0x0000019ac48f56f0 GCTaskThread "GC Thread#7" [stack: 0x000000364fa00000,0x000000364fb00000] [id=14712]

Threads with active compile tasks:

VM state: synchronizing (normal execution)

VM Mutex/Monitor currently owned by a thread:  ([mutex/lock_event])
[0x0000019aad8e8e90] Metaspace_lock - owner thread: 0x0000019ac55b7c60
[0x0000019aad8eab90] Threads_lock - owner thread: 0x0000019ac1617210

Heap address: 0x00000000c0000000, size: 1024 MB, Compressed Oops mode: 32-bit

CDS archive(s) not mapped
Compressed class space mapped at: 0x0000000100000000-0x0000000140000000, reserved size: 1073741824
Narrow klass base: 0x0000000000000000, Narrow klass shift: 3, Narrow klass range: 0x140000000

GC Precious Log:
 CPUs: 8 total, 8 available
 Memory: 8069M
 Large Page Support: Disabled
 NUMA Support: Disabled
 Compressed Oops: Enabled (32-bit)
 Alignments: Space 512K, Generation 512K, Heap 2M
 Heap Min Capacity: 100M
 Heap Initial Capacity: 100M
 Heap Max Capacity: 1G
 Pre-touch: Disabled
 Parallel Workers: 8

Heap:
 PSYoungGen      total 29696K, used 15711K [0x00000000eab00000, 0x00000000ecc00000, 0x0000000100000000)
  eden space 25600K, 45% used [0x00000000eab00000,0x00000000eb65c890,0x00000000ec400000)
  from space 4096K, 99% used [0x00000000ec800000,0x00000000ecbfb708,0x00000000ecc00000)
  to   space 4096K, 0% used [0x00000000ec400000,0x00000000ec400000,0x00000000ec800000)
 ParOldGen       total 68608K, used 1309K [0x00000000c0000000, 0x00000000c4300000, 0x00000000eab00000)
  object space 68608K, 1% used [0x00000000c0000000,0x00000000c0147638,0x00000000c4300000)
 Metaspace       used 17349K, committed 17664K, reserved 1073152K
  class space    used 1775K, committed 1920K, reserved 1048576K

Card table byte_map: [0x0000019aad2a0000,0x0000019aad4b0000] _byte_map_base: 0x0000019aacca0000

Marking Bits: (ParMarkBitMap*) 0x00007ffd30770dd0
 Begin Bits: [0x0000019abf580000, 0x0000019ac0580000)
 End Bits:   [0x0000019ac0580000, 0x0000019ac1580000)

Polling page: 0x0000019aab8d0000

Metaspace:

Usage:
  Non-class:     15.21 MB used.
      Class:      1.73 MB used.
       Both:     16.94 MB used.

Virtual space:
  Non-class space:       24.00 MB reserved,      15.38 MB ( 64%) committed,  3 nodes.
      Class space:        1.00 GB reserved,       1.88 MB ( <1%) committed,  1 nodes.
             Both:        1.02 GB reserved,      17.25 MB (  2%) committed. 

Chunk freelists:
   Non-Class:  3.68 MB
       Class:  2.17 MB
        Both:  5.86 MB

MaxMetaspaceSize: unlimited
CompressedClassSpaceSize: 1.00 GB
Initial GC threshold: 21.00 MB
Current GC threshold: 21.00 MB
CDS: off
MetaspaceReclaimPolicy: balanced
 - commit_granule_bytes: 65536.
 - commit_granule_words: 8192.
 - virtual_space_node_default_size: 1048576.
 - enlarge_chunks_in_place: 1.
 - new_chunks_are_fully_committed: 0.
 - uncommit_free_chunks: 1.
 - use_allocation_guard: 0.
 - handle_deallocations: 1.


Internal statistics:

num_allocs_failed_limit: 0.
num_arena_births: 114.
num_arena_deaths: 0.
num_vsnodes_births: 4.
num_vsnodes_deaths: 0.
num_space_committed: 276.
num_space_uncommitted: 0.
num_chunks_returned_to_freelist: 0.
num_chunks_taken_from_freelist: 435.
num_chunk_merges: 0.
num_chunk_splits: 285.
num_chunks_enlarged: 212.
num_purges: 0.
num_inconsistent_stats: 0.

CodeHeap 'non-profiled nmethods': size=120000Kb used=738Kb max_used=738Kb free=119261Kb
 bounds [0x0000019ab8050000, 0x0000019ab82c0000, 0x0000019abf580000]
CodeHeap 'profiled nmethods': size=120000Kb used=3697Kb max_used=3697Kb free=116302Kb
 bounds [0x0000019ab0b20000, 0x0000019ab0ec0000, 0x0000019ab8050000]
CodeHeap 'non-nmethods': size=5760Kb used=1171Kb max_used=1208Kb free=4588Kb
 bounds [0x0000019ab0580000, 0x0000019ab07f0000, 0x0000019ab0b20000]
 total_blobs=2378 nmethods=1913 adapters=379
 compilation: enabled
              stopped_count=0, restarted_count=0
 full_count=0

Compilation events (20 events):
Event: 6.380 Thread 0x0000019ac32de670 1904       3       java.util.concurrent.locks.ReentrantLock$Sync::tryLockNanos (36 bytes)
Event: 6.380 Thread 0x0000019ac32de670 nmethod 1904 0x0000019ab0eb6290 code [0x0000019ab0eb6480, 0x0000019ab0eb6938]
Event: 6.380 Thread 0x0000019ac32de670 1905       1       sun.nio.fs.NativeBuffer::size (5 bytes)
Event: 6.380 Thread 0x0000019ac32de670 nmethod 1905 0x0000019ab8107f90 code [0x0000019ab8108120, 0x0000019ab81081f8]
Event: 6.382 Thread 0x0000019ac32de670 1906       3       java.io.File::exists (34 bytes)
Event: 6.383 Thread 0x0000019ac32de670 nmethod 1906 0x0000019ab0eb6b10 code [0x0000019ab0eb6d00, 0x0000019ab0eb7228]
Event: 6.407 Thread 0x0000019ac32de670 1907       1       sun.nio.fs.NativeBuffer::setOwner (6 bytes)
Event: 6.407 Thread 0x0000019ac32de670 nmethod 1907 0x0000019ab8108290 code [0x0000019ab8108420, 0x0000019ab81084f8]
Event: 6.410 Thread 0x0000019ac32de670 1908       3       org.eclipse.osgi.internal.loader.BundleLoader::getProviderLoader (77 bytes)
Event: 6.413 Thread 0x0000019ac32de670 nmethod 1908 0x0000019ab0eb7410 code [0x0000019ab0eb77a0, 0x0000019ab0eb8e48]
Event: 6.413 Thread 0x0000019ac32de670 1911       3       org.eclipse.osgi.internal.loader.BundleLoader::addExportedProvidersFor (167 bytes)
Event: 6.414 Thread 0x0000019ac32de670 nmethod 1911 0x0000019ab0eb9790 code [0x0000019ab0eb9aa0, 0x0000019ab0ebad18]
Event: 6.414 Thread 0x0000019ac32de670 1909       3       java.util.LinkedHashMap::getOrDefault (29 bytes)
Event: 6.415 Thread 0x0000019ac32de670 nmethod 1909 0x0000019ab0ebb390 code [0x0000019ab0ebb540, 0x0000019ab0ebb798]
Event: 6.415 Thread 0x0000019ac32de670 1910       1       org.eclipse.osgi.container.ModuleRevision::getTypes (5 bytes)
Event: 6.415 Thread 0x0000019ac32de670 nmethod 1910 0x0000019ab8108590 code [0x0000019ab8108720, 0x0000019ab81087f8]
Event: 6.416 Thread 0x0000019ac32de670 1912       3       java.util.ArrayList$SubList$1::<init> (39 bytes)
Event: 6.416 Thread 0x0000019ac32de670 nmethod 1912 0x0000019ab0ebb890 code [0x0000019ab0ebba20, 0x0000019ab0ebbbb8]
Event: 6.423 Thread 0x0000019ac32de670 1913   !   3       org.eclipse.osgi.internal.framework.EquinoxBundle::$SWITCH_TABLE$org$eclipse$osgi$container$Module$State (115 bytes)
Event: 6.424 Thread 0x0000019ac32de670 nmethod 1913 0x0000019ab0ebbc90 code [0x0000019ab0ebbe80, 0x0000019ab0ebc3e8]

GC Heap History (4 events):
Event: 2.940 GC heap before
{Heap before GC invocations=1 (full 0):
 PSYoungGen      total 29696K, used 25600K [0x00000000eab00000, 0x00000000ecc00000, 0x0000000100000000)
  eden space 25600K, 100% used [0x00000000eab00000,0x00000000ec400000,0x00000000ec400000)
  from space 4096K, 0% used [0x00000000ec800000,0x00000000ec800000,0x00000000ecc00000)
  to   space 4096K, 0% used [0x00000000ec400000,0x00000000ec400000,0x00000000ec800000)
 ParOldGen       total 68608K, used 0K [0x00000000c0000000, 0x00000000c4300000, 0x00000000eab00000)
  object space 68608K, 0% used [0x00000000c0000000,0x00000000c0000000,0x00000000c4300000)
 Metaspace       used 10973K, committed 11136K, reserved 1064960K
  class space    used 1090K, committed 1152K, reserved 1048576K
}
Event: 2.963 GC heap after
{Heap after GC invocations=1 (full 0):
 PSYoungGen      total 29696K, used 3736K [0x00000000eab00000, 0x00000000ecc00000, 0x0000000100000000)
  eden space 25600K, 0% used [0x00000000eab00000,0x00000000eab00000,0x00000000ec400000)
  from space 4096K, 91% used [0x00000000ec400000,0x00000000ec7a6218,0x00000000ec800000)
  to   space 4096K, 0% used [0x00000000ec800000,0x00000000ec800000,0x00000000ecc00000)
 ParOldGen       total 68608K, used 8K [0x00000000c0000000, 0x00000000c4300000, 0x00000000eab00000)
  object space 68608K, 0% used [0x00000000c0000000,0x00000000c0002000,0x00000000c4300000)
 Metaspace       used 10973K, committed 11136K, reserved 1064960K
  class space    used 1090K, committed 1152K, reserved 1048576K
}
Event: 5.505 GC heap before
{Heap before GC invocations=2 (full 0):
 PSYoungGen      total 29696K, used 29336K [0x00000000eab00000, 0x00000000ecc00000, 0x0000000100000000)
  eden space 25600K, 100% used [0x00000000eab00000,0x00000000ec400000,0x00000000ec400000)
  from space 4096K, 91% used [0x00000000ec400000,0x00000000ec7a6218,0x00000000ec800000)
  to   space 4096K, 0% used [0x00000000ec800000,0x00000000ec800000,0x00000000ecc00000)
 ParOldGen       total 68608K, used 8K [0x00000000c0000000, 0x00000000c4300000, 0x00000000eab00000)
  object space 68608K, 0% used [0x00000000c0000000,0x00000000c0002000,0x00000000c4300000)
 Metaspace       used 15270K, committed 15552K, reserved 1064960K
  class space    used 1550K, committed 1728K, reserved 1048576K
}
Event: 5.520 GC heap after
{Heap after GC invocations=2 (full 0):
 PSYoungGen      total 29696K, used 4077K [0x00000000eab00000, 0x00000000ecc00000, 0x0000000100000000)
  eden space 25600K, 0% used [0x00000000eab00000,0x00000000eab00000,0x00000000ec400000)
  from space 4096K, 99% used [0x00000000ec800000,0x00000000ecbfb708,0x00000000ecc00000)
  to   space 4096K, 0% used [0x00000000ec400000,0x00000000ec400000,0x00000000ec800000)
 ParOldGen       total 68608K, used 1309K [0x00000000c0000000, 0x00000000c4300000, 0x00000000eab00000)
  object space 68608K, 1% used [0x00000000c0000000,0x00000000c0147638,0x00000000c4300000)
 Metaspace       used 15270K, committed 15552K, reserved 1064960K
  class space    used 1550K, committed 1728K, reserved 1048576K
}

Dll operation events (9 events):
Event: 0.023 Loaded shared library c:\Users\lakit\.vscode\extensions\redhat.java-1.13.0-win32-x64\jre\17.0.5-win32-x86_64\bin\java.dll
Event: 0.620 Loaded shared library c:\Users\lakit\.vscode\extensions\redhat.java-1.13.0-win32-x64\jre\17.0.5-win32-x86_64\bin\zip.dll
Event: 0.625 Loaded shared library C:\Users\lakit\.vscode\extensions\redhat.java-1.13.0-win32-x64\jre\17.0.5-win32-x86_64\bin\instrument.dll
Event: 0.667 Loaded shared library C:\Users\lakit\.vscode\extensions\redhat.java-1.13.0-win32-x64\jre\17.0.5-win32-x86_64\bin\net.dll
Event: 0.671 Loaded shared library C:\Users\lakit\.vscode\extensions\redhat.java-1.13.0-win32-x64\jre\17.0.5-win32-x86_64\bin\nio.dll
Event: 0.691 Loaded shared library C:\Users\lakit\.vscode\extensions\redhat.java-1.13.0-win32-x64\jre\17.0.5-win32-x86_64\bin\zip.dll
Event: 0.759 Loaded shared library C:\Users\lakit\.vscode\extensions\redhat.java-1.13.0-win32-x64\jre\17.0.5-win32-x86_64\bin\jimage.dll
Event: 0.933 Loaded shared library c:\Users\lakit\.vscode\extensions\redhat.java-1.13.0-win32-x64\jre\17.0.5-win32-x86_64\bin\verify.dll
Event: 5.012 Loaded shared library C:\Users\lakit\AppData\Roaming\Code\User\globalStorage\redhat.java\1.13.0\config_ss_win\org.eclipse.equinox.launcher\org.eclipse.equinox.launcher.win32.win32.x86_64_1.2.600.v20220720-1916\eclipse_11700.dll

Deoptimization events (20 events):
Event: 6.095 Thread 0x0000019ac55b7c60 DEOPT PACKING pc=0x0000019ab80ba2e0 sp=0x000000364fcfb940
Event: 6.095 Thread 0x0000019ac55b7c60 DEOPT UNPACKING pc=0x0000019ab05d20a3 sp=0x000000364fcfb878 mode 2
Event: 6.096 Thread 0x0000019ac55b7c60 Uncommon trap: trap_request=0xffffffde fr.pc=0x0000019ab80bc2d0 relative=0x00000000000002b0
Event: 6.096 Thread 0x0000019ac55b7c60 Uncommon trap: reason=class_check action=maybe_recompile pc=0x0000019ab80bc2d0 method=java.io.DataInputStream.readByte()B @ 4 c2
Event: 6.097 Thread 0x0000019ac55b7c60 DEOPT PACKING pc=0x0000019ab80bc2d0 sp=0x000000364fcfba70
Event: 6.097 Thread 0x0000019ac55b7c60 DEOPT UNPACKING pc=0x0000019ab05d20a3 sp=0x000000364fcfba28 mode 2
Event: 6.097 Thread 0x0000019ac55b7c60 Uncommon trap: trap_request=0xffffffde fr.pc=0x0000019ab80bc2d0 relative=0x00000000000002b0
Event: 6.097 Thread 0x0000019ac55b7c60 Uncommon trap: reason=class_check action=maybe_recompile pc=0x0000019ab80bc2d0 method=java.io.DataInputStream.readByte()B @ 4 c2
Event: 6.097 Thread 0x0000019ac55b7c60 DEOPT PACKING pc=0x0000019ab80bc2d0 sp=0x000000364fcfba70
Event: 6.097 Thread 0x0000019ac55b7c60 DEOPT UNPACKING pc=0x0000019ab05d20a3 sp=0x000000364fcfba28 mode 2
Event: 6.097 Thread 0x0000019ac55b7c60 Uncommon trap: trap_request=0xffffffde fr.pc=0x0000019ab80ba2e0 relative=0x00000000000014e0
Event: 6.097 Thread 0x0000019ac55b7c60 Uncommon trap: reason=class_check action=maybe_recompile pc=0x0000019ab80ba2e0 method=java.io.DataInputStream.readFully([BII)V @ 30 c2
Event: 6.097 Thread 0x0000019ac55b7c60 DEOPT PACKING pc=0x0000019ab80ba2e0 sp=0x000000364fcfb940
Event: 6.097 Thread 0x0000019ac55b7c60 DEOPT UNPACKING pc=0x0000019ab05d20a3 sp=0x000000364fcfb878 mode 2
Event: 6.097 Thread 0x0000019ac55b7c60 Uncommon trap: trap_request=0xffffffde fr.pc=0x0000019ab80ba2e0 relative=0x00000000000014e0
Event: 6.097 Thread 0x0000019ac55b7c60 Uncommon trap: reason=class_check action=maybe_recompile pc=0x0000019ab80ba2e0 method=java.io.DataInputStream.readFully([BII)V @ 30 c2
Event: 6.097 Thread 0x0000019ac55b7c60 DEOPT PACKING pc=0x0000019ab80ba2e0 sp=0x000000364fcfb940
Event: 6.097 Thread 0x0000019ac55b7c60 DEOPT UNPACKING pc=0x0000019ab05d20a3 sp=0x000000364fcfb878 mode 2
Event: 6.191 Thread 0x0000019ac55b7c60 DEOPT PACKING pc=0x0000019ab0cafcbe sp=0x000000364fcfe6c0
Event: 6.191 Thread 0x0000019ac55b7c60 DEOPT UNPACKING pc=0x0000019ab05d2843 sp=0x000000364fcfdb38 mode 0

Classes unloaded (0 events):
No events

Classes redefined (0 events):
No events

Internal exceptions (20 events):
Event: 2.534 Thread 0x0000019aad8ee5f0 Exception <a 'java/lang/ClassNotFoundException'{0x00000000ec123740}: sun/net/www/protocol/c/Handler> (0x00000000ec123740) 
thrown [s\src\hotspot\share\classfile\systemDictionary.cpp, line 256]
Event: 2.560 Thread 0x0000019aad8ee5f0 Exception <a 'java/io/FileNotFoundException'{0x00000000ec1424f0}> (0x00000000ec1424f0) 
thrown [s\src\hotspot\share\prims\jni.cpp, line 516]
Event: 2.715 Thread 0x0000019aad8ee5f0 Implicit null exception at 0x0000019ab80786c0 to 0x0000019ab8079014
Event: 2.715 Thread 0x0000019aad8ee5f0 Implicit null exception at 0x0000019ab80833ac to 0x0000019ab80837e4
Event: 2.715 Thread 0x0000019aad8ee5f0 Implicit null exception at 0x0000019ab808292c to 0x0000019ab8082d6c
Event: 2.715 Thread 0x0000019aad8ee5f0 Implicit null exception at 0x0000019ab80a9c0f to 0x0000019ab80a9c89
Event: 2.968 Thread 0x0000019aad8ee5f0 Exception <a 'java/lang/NoSuchMethodError'{0x00000000eab0dd58}: 'int java.lang.invoke.DirectMethodHandle$Holder.invokeStaticInit(java.lang.Object, java.lang.Object, java.lang.Object, java.lang.Object)'> (0x00000000eab0dd58) 
thrown [s\src\hotspot\share\interpreter\linkResolver.cpp, line 759]
Event: 2.971 Thread 0x0000019aad8ee5f0 Exception <a 'java/lang/NoSuchMethodError'{0x00000000eab184d0}: 'java.lang.Object java.lang.invoke.DirectMethodHandle$Holder.invokeInterface(java.lang.Object, java.lang.Object)'> (0x00000000eab184d0) 
thrown [s\src\hotspot\share\interpreter\linkResolver.cpp, line 759]
Event: 2.972 Thread 0x0000019aad8ee5f0 Exception <a 'java/lang/IncompatibleClassChangeError'{0x00000000eab1bcc8}: Found class java.lang.Object, but interface was expected> (0x00000000eab1bcc8) 
thrown [s\src\hotspot\share\interpreter\linkResolver.cpp, line 826]
Event: 2.974 Thread 0x0000019aad8ee5f0 Exception <a 'java/lang/NoSuchMethodError'{0x00000000eab201c0}: 'void java.lang.invoke.DirectMethodHandle$Holder.invokeStatic(java.lang.Object, java.lang.Object)'> (0x00000000eab201c0) 
thrown [s\src\hotspot\share\interpreter\linkResolver.cpp, line 759]
Event: 2.978 Thread 0x0000019aad8ee5f0 Exception <a 'java/lang/NoSuchMethodError'{0x00000000eab239c0}: 'void java.lang.invoke.DirectMethodHandle$Holder.invokeStaticInit(java.lang.Object, java.lang.Object)'> (0x00000000eab239c0) 
thrown [s\src\hotspot\share\interpreter\linkResolver.cpp, line 759]
Event: 2.980 Thread 0x0000019aad8ee5f0 Exception <a 'java/lang/NoSuchMethodError'{0x00000000eab2aed8}: 'int java.lang.invoke.DirectMethodHandle$Holder.invokeStaticInit(java.lang.Object, java.lang.Object)'> (0x00000000eab2aed8) 
thrown [s\src\hotspot\share\interpreter\linkResolver.cpp, line 759]
Event: 3.150 Thread 0x0000019aad8ee5f0 Exception <a 'java/lang/NoSuchMethodError'{0x00000000eac90098}: 'void java.lang.invoke.DirectMethodHandle$Holder.invokeSpecial(java.lang.Object, java.lang.Object, java.lang.Object)'> (0x00000000eac90098) 
thrown [s\src\hotspot\share\interpreter\linkResolver.cpp, line 759]
Event: 4.264 Thread 0x0000019aad8ee5f0 Exception <a 'java/lang/NoSuchMethodError'{0x00000000eb8110e8}: 'java.lang.Object java.lang.invoke.DirectMethodHandle$Holder.newInvokeSpecial(java.lang.Object, int, java.lang.Object)'> (0x00000000eb8110e8) 
thrown [s\src\hotspot\share\interpreter\linkResolver.cpp, line 759]
Event: 4.997 Thread 0x0000019aad8ee5f0 Exception <a 'java/lang/UnsatisfiedLinkError'{0x00000000ebd86080}: 'void org.eclipse.equinox.launcher.JNIBridge._update_splash()'> (0x00000000ebd86080) 
thrown [s\src\hotspot\share\prims\nativeLookup.cpp, line 543]
Event: 5.158 Thread 0x0000019ac55b7c60 Exception <a 'java/lang/NoSuchMethodError'{0x00000000ec036018}: 'java.lang.Object java.lang.invoke.DirectMethodHandle$Holder.invokeStaticInit(java.lang.Object)'> (0x00000000ec036018) 
thrown [s\src\hotspot\share\interpreter\linkResolver.cpp, line 759]
Event: 6.083 Thread 0x0000019ac55b7c60 Exception <a 'java/io/FileNotFoundException'{0x00000000eb31f2f8}> (0x00000000eb31f2f8) 
thrown [s\src\hotspot\share\prims\jni.cpp, line 516]
Event: 6.104 Thread 0x0000019ac55b7c60 Exception <a 'java/lang/NullPointerException'{0x00000000eb3710a0}> (0x00000000eb3710a0) 
thrown [s\src\hotspot\share\interpreter\linkResolver.cpp, line 1350]
Event: 6.104 Thread 0x0000019ac55b7c60 Exception <a 'java/lang/NullPointerException'{0x00000000eb3718c8}> (0x00000000eb3718c8) 
thrown [s\src\hotspot\share\interpreter\linkResolver.cpp, line 1350]
Event: 6.182 Thread 0x0000019ac55b7c60 Exception <a 'java/lang/NoSuchMethodError'{0x00000000eb48a568}: 'java.lang.Object java.lang.invoke.Invokers$Holder.invokeExact_MT(java.lang.Object, java.lang.Object, java.lang.Object, java.lang.Object, java.lang.Object, java.lang.Object)'> (0x00000000eb48a568) 
thrown [s\src\hotspot\share\interpreter\linkResolver.cpp, line 759]

VM Operations (20 events):
Event: 1.838 Executing VM operation: HandshakeAllThreads
Event: 1.838 Executing VM operation: HandshakeAllThreads done
Event: 2.477 Executing VM operation: HandshakeAllThreads
Event: 2.477 Executing VM operation: HandshakeAllThreads done
Event: 2.940 Executing VM operation: ParallelGCFailedAllocation
Event: 2.963 Executing VM operation: ParallelGCFailedAllocation done
Event: 3.963 Executing VM operation: Cleanup
Event: 3.969 Executing VM operation: Cleanup done
Event: 4.051 Executing VM operation: HandshakeAllThreads
Event: 4.163 Executing VM operation: HandshakeAllThreads done
Event: 4.164 Executing VM operation: HandshakeAllThreads
Event: 4.165 Executing VM operation: HandshakeAllThreads done
Event: 4.175 Executing VM operation: HandshakeAllThreads
Event: 4.176 Executing VM operation: HandshakeAllThreads done
Event: 5.176 Executing VM operation: Cleanup
Event: 5.178 Executing VM operation: Cleanup done
Event: 5.233 Executing VM operation: HandshakeAllThreads
Event: 5.233 Executing VM operation: HandshakeAllThreads done
Event: 5.505 Executing VM operation: ParallelGCFailedAllocation
Event: 5.520 Executing VM operation: ParallelGCFailedAllocation done

Events (20 events):
Event: 5.898 loading class javax/xml/parsers/ParserConfigurationException
Event: 5.899 loading class javax/xml/parsers/ParserConfigurationException done
Event: 5.933 loading class java/lang/CloneNotSupportedException
Event: 5.933 loading class java/lang/CloneNotSupportedException done
Event: 6.001 loading class java/util/TreeMap$Values
Event: 6.002 loading class java/util/TreeMap$Values done
Event: 6.002 loading class java/util/TreeMap$ValueIterator
Event: 6.002 loading class java/util/TreeMap$ValueIterator done
Event: 6.085 loading class java/util/function/IntFunction
Event: 6.085 loading class java/util/function/IntFunction done
Event: 6.104 loading class java/util/ImmutableCollections$Map1
Event: 6.104 loading class java/util/ImmutableCollections$Map1 done
Event: 6.105 loading class java/util/AbstractMap$1
Event: 6.105 loading class java/util/AbstractMap$1 done
Event: 6.105 loading class java/util/AbstractMap$1$1
Event: 6.105 loading class java/util/AbstractMap$1$1 done
Event: 6.184 loading class java/util/Comparators$NaturalOrderComparator
Event: 6.184 loading class java/util/Comparators$NaturalOrderComparator done
Event: 6.184 loading class java/util/Collections$ReverseComparator2
Event: 6.184 loading class java/util/Collections$ReverseComparator2 done


Dynamic libraries:
0x00007ff6e9db0000 - 0x00007ff6e9dbe000 	c:\Users\lakit\.vscode\extensions\redhat.java-1.13.0-win32-x64\jre\17.0.5-win32-x86_64\bin\java.exe
0x00007ffd7fda0000 - 0x00007ffd7ffa9000 	C:\WINDOWS\SYSTEM32\ntdll.dll
0x00007ffd7eb40000 - 0x00007ffd7ebfd000 	C:\WINDOWS\System32\KERNEL32.DLL
0x00007ffd7d780000 - 0x00007ffd7dafb000 	C:\WINDOWS\System32\KERNELBASE.dll
0x00007ffd7d5e0000 - 0x00007ffd7d6f1000 	C:\WINDOWS\System32\ucrtbase.dll
0x00007ffd5a1b0000 - 0x00007ffd5a1c7000 	c:\Users\lakit\.vscode\extensions\redhat.java-1.13.0-win32-x64\jre\17.0.5-win32-x86_64\bin\jli.dll
0x00007ffd7e130000 - 0x00007ffd7e2dd000 	C:\WINDOWS\System32\USER32.dll
0x00007ffd7d270000 - 0x00007ffd7d296000 	C:\WINDOWS\System32\win32u.dll
0x00007ffd7ed50000 - 0x00007ffd7ed79000 	C:\WINDOWS\System32\GDI32.dll
0x00007ffd7db00000 - 0x00007ffd7dc18000 	C:\WINDOWS\System32\gdi32full.dll
0x00007ffd7d540000 - 0x00007ffd7d5dd000 	C:\WINDOWS\System32\msvcp_win.dll
0x00007ffd553d0000 - 0x00007ffd553e9000 	c:\Users\lakit\.vscode\extensions\redhat.java-1.13.0-win32-x64\jre\17.0.5-win32-x86_64\bin\VCRUNTIME140.dll
0x00007ffd52f80000 - 0x00007ffd53225000 	C:\WINDOWS\WinSxS\amd64_microsoft.windows.common-controls_6595b64144ccf1df_6.0.22000.120_none_9d947278b86cc467\COMCTL32.dll
0x00007ffd7fb50000 - 0x00007ffd7fbf3000 	C:\WINDOWS\System32\msvcrt.dll
0x00007ffd7f5f0000 - 0x00007ffd7f621000 	C:\WINDOWS\System32\IMM32.DLL
0x00007ffd5a280000 - 0x00007ffd5a28c000 	c:\Users\lakit\.vscode\extensions\redhat.java-1.13.0-win32-x64\jre\17.0.5-win32-x86_64\bin\vcruntime140_1.dll
0x00007ffd371b0000 - 0x00007ffd37241000 	c:\Users\lakit\.vscode\extensions\redhat.java-1.13.0-win32-x64\jre\17.0.5-win32-x86_64\bin\msvcp140.dll
0x00007ffd2fbf0000 - 0x00007ffd30834000 	c:\Users\lakit\.vscode\extensions\redhat.java-1.13.0-win32-x64\jre\17.0.5-win32-x86_64\bin\server\jvm.dll
0x00007ffd7faa0000 - 0x00007ffd7fb4e000 	C:\WINDOWS\System32\ADVAPI32.dll
0x00007ffd7fcc0000 - 0x00007ffd7fd5e000 	C:\WINDOWS\System32\sechost.dll
0x00007ffd7dd00000 - 0x00007ffd7de20000 	C:\WINDOWS\System32\RPCRT4.dll
0x00007ffd4b8f0000 - 0x00007ffd4b8f9000 	C:\WINDOWS\SYSTEM32\WSOCK32.dll
0x00007ffd7ed80000 - 0x00007ffd7edef000 	C:\WINDOWS\System32\WS2_32.dll
0x00007ffd78130000 - 0x00007ffd78163000 	C:\WINDOWS\SYSTEM32\WINMM.dll
0x00007ffd75520000 - 0x00007ffd7552a000 	C:\WINDOWS\SYSTEM32\VERSION.dll
0x00007ffd7c2f0000 - 0x00007ffd7c308000 	C:\WINDOWS\SYSTEM32\kernel.appcore.dll
0x00007ffd5a1a0000 - 0x00007ffd5a1aa000 	c:\Users\lakit\.vscode\extensions\redhat.java-1.13.0-win32-x64\jre\17.0.5-win32-x86_64\bin\jimage.dll
0x00007ffd686f0000 - 0x00007ffd68911000 	C:\WINDOWS\SYSTEM32\DBGHELP.DLL
0x00007ffd6a0a0000 - 0x00007ffd6a0d1000 	C:\WINDOWS\SYSTEM32\dbgcore.DLL
0x00007ffd7d700000 - 0x00007ffd7d77f000 	C:\WINDOWS\System32\bcryptPrimitives.dll
0x00007ffd5a0f0000 - 0x00007ffd5a0fe000 	c:\Users\lakit\.vscode\extensions\redhat.java-1.13.0-win32-x64\jre\17.0.5-win32-x86_64\bin\instrument.dll
0x00007ffd54000000 - 0x00007ffd54025000 	c:\Users\lakit\.vscode\extensions\redhat.java-1.13.0-win32-x64\jre\17.0.5-win32-x86_64\bin\java.dll
0x00007ffd53fe0000 - 0x00007ffd53ff8000 	c:\Users\lakit\.vscode\extensions\redhat.java-1.13.0-win32-x64\jre\17.0.5-win32-x86_64\bin\zip.dll
0x00007ffd7ee30000 - 0x00007ffd7f5e8000 	C:\WINDOWS\System32\SHELL32.dll
0x00007ffd7b360000 - 0x00007ffd7bbc5000 	C:\WINDOWS\SYSTEM32\windows.storage.dll
0x00007ffd7e750000 - 0x00007ffd7eac7000 	C:\WINDOWS\System32\combase.dll
0x00007ffd7b1f0000 - 0x00007ffd7b356000 	C:\WINDOWS\SYSTEM32\wintypes.dll
0x00007ffd7ec00000 - 0x00007ffd7ecea000 	C:\WINDOWS\System32\SHCORE.dll
0x00007ffd7ecf0000 - 0x00007ffd7ed4d000 	C:\WINDOWS\System32\shlwapi.dll
0x00007ffd7d1a0000 - 0x00007ffd7d1c1000 	C:\WINDOWS\SYSTEM32\profapi.dll
0x00007ffd528b0000 - 0x00007ffd528c9000 	C:\Users\lakit\.vscode\extensions\redhat.java-1.13.0-win32-x64\jre\17.0.5-win32-x86_64\bin\net.dll
0x00007ffd77830000 - 0x00007ffd7793c000 	C:\WINDOWS\SYSTEM32\WINHTTP.dll
0x00007ffd7c790000 - 0x00007ffd7c7f7000 	C:\WINDOWS\system32\mswsock.dll
0x00007ffd52720000 - 0x00007ffd52735000 	C:\Users\lakit\.vscode\extensions\redhat.java-1.13.0-win32-x64\jre\17.0.5-win32-x86_64\bin\nio.dll
0x00007ffd55470000 - 0x00007ffd55480000 	c:\Users\lakit\.vscode\extensions\redhat.java-1.13.0-win32-x64\jre\17.0.5-win32-x86_64\bin\verify.dll
0x00007ffd52600000 - 0x00007ffd5263e000 	C:\Users\lakit\AppData\Roaming\Code\User\globalStorage\redhat.java\1.13.0\config_ss_win\org.eclipse.equinox.launcher\org.eclipse.equinox.launcher.win32.win32.x86_64_1.2.600.v20220720-1916\eclipse_11700.dll
0x00007ffd7df10000 - 0x00007ffd7e0aa000 	C:\WINDOWS\System32\ole32.dll

dbghelp: loaded successfully - version: 4.0.5 - missing functions: none
symbol engine: initialized successfully - sym options: 0x614 - pdb path: .;c:\Users\lakit\.vscode\extensions\redhat.java-1.13.0-win32-x64\jre\17.0.5-win32-x86_64\bin;C:\WINDOWS\SYSTEM32;C:\WINDOWS\WinSxS\amd64_microsoft.windows.common-controls_6595b64144ccf1df_6.0.22000.120_none_9d947278b86cc467;c:\Users\lakit\.vscode\extensions\redhat.java-1.13.0-win32-x64\jre\17.0.5-win32-x86_64\bin\server;C:\Users\lakit\AppData\Roaming\Code\User\globalStorage\redhat.java\1.13.0\config_ss_win\org.eclipse.equinox.launcher\org.eclipse.equinox.launcher.win32.win32.x86_64_1.2.600.v20220720-1916

VM Arguments:
jvm_args: --add-modules=ALL-SYSTEM --add-opens=java.base/java.util=ALL-UNNAMED --add-opens=java.base/java.lang=ALL-UNNAMED --add-opens=java.base/sun.nio.fs=ALL-UNNAMED -Declipse.application=org.eclipse.jdt.ls.core.id1 -Dosgi.bundles.defaultStartLevel=4 -Declipse.product=org.eclipse.jdt.ls.core.product -Djava.import.generatesMetadataFilesAtProjectRoot=false -Dfile.encoding=utf8 -XX:+UseParallelGC -XX:GCTimeRatio=4 -XX:AdaptiveSizePolicyWeight=90 -Dsun.zip.disableMemoryMapping=true -Xmx1G -Xms100m -Xlog:disable -javaagent:c:\Users\lakit\.vscode\extensions\redhat.java-1.13.0-win32-x64\lombok\lombok-1.18.24.jar 
java_command: c:\Users\lakit\.vscode\extensions\redhat.java-1.13.0-win32-x64\server\plugins\org.eclipse.equinox.launcher_1.6.400.v20210924-0641.jar -configuration c:\Users\lakit\AppData\Roaming\Code\User\globalStorage\redhat.java\1.13.0\config_ss_win -data c:\Users\lakit\AppData\Roaming\Code\User\workspaceStorage\5cb69a7ab363b47045258b623378d779\redhat.java\ss_ws
java_class_path (initial): c:\Users\lakit\.vscode\extensions\redhat.java-1.13.0-win32-x64\server\plugins\org.eclipse.equinox.launcher_1.6.400.v20210924-0641.jar
Launcher Type: SUN_STANDARD

[Global flags]
    uintx AdaptiveSizePolicyWeight                 = 90                                        {product} {command line}
     intx CICompilerCount                          = 4                                         {product} {ergonomic}
    uintx GCTimeRatio                              = 4                                         {product} {command line}
   size_t InitialHeapSize                          = 104857600                                 {product} {command line}
   size_t MaxHeapSize                              = 1073741824                                {product} {command line}
   size_t MaxNewSize                               = 357564416                                 {product} {ergonomic}
   size_t MinHeapDeltaBytes                        = 524288                                    {product} {ergonomic}
   size_t MinHeapSize                              = 104857600                                 {product} {command line}
   size_t NewSize                                  = 34603008                                  {product} {ergonomic}
    uintx NonNMethodCodeHeapSize                   = 5839372                                {pd product} {ergonomic}
    uintx NonProfiledCodeHeapSize                  = 122909434                              {pd product} {ergonomic}
   size_t OldSize                                  = 70254592                                  {product} {ergonomic}
    uintx ProfiledCodeHeapSize                     = 122909434                              {pd product} {ergonomic}
    uintx ReservedCodeCacheSize                    = 251658240                              {pd product} {ergonomic}
     bool SegmentedCodeCache                       = true                                      {product} {ergonomic}
   size_t SoftMaxHeapSize                          = 1073741824                             {manageable} {ergonomic}
     bool UseCompressedClassPointers               = true                           {product lp64_product} {ergonomic}
     bool UseCompressedOops                        = true                           {product lp64_product} {ergonomic}
     bool UseLargePagesIndividualAllocation        = false                                  {pd product} {ergonomic}
     bool UseParallelGC                            = true                                      {product} {command line}

Logging:
Log output configuration:
 #0: stdout all=off uptime,level,tags
 #1: stderr all=off uptime,level,tags

Environment Variables:
JAVA_HOME=C:\Program Files\Java\jdk-16.0.2
PATH=C:\Program Files\Common Files\Oracle\Java\javapath;C:\WINDOWS\system32;C:\WINDOWS;C:\WINDOWS\System32\Wbem;C:\WINDOWS\System32\WindowsPowerShell\v1.0\;C:\WINDOWS\System32\OpenSSH\;C:\Program Files\nodejs\;C:\Program Files\Java\jdk-16.0.2;C:\Users\lakit\AppData\Local\Android\Sdk;C:\Users\lakit\AppData\Local\Android\Sdk\platform-tools;C:\Users\lakit\AppData\Local\Android\Sdk\emulator;C:\Users\lakit\AppData\Roaming\npm;C:\Program Files\Git\cmd;C:\Program Files\CMake\bin;C:\Strawberry\perl\bin;C:\Strawberry\perl\site\bin;C:\Strawberry\c\bin;C:\Program Files\Java\jdk-11.0.17;C:\Users\lakit\AppData\Local\Programs\Python\Python36\Scripts\;C:\Users\lakit\AppData\Local\Programs\Python\Python36\;C:\Users\lakit\AppData\Local\Programs\Python\Python39\Scripts\;C:\Users\lakit\AppData\Local\Programs\Python\Python39\;C:\Users\lakit\AppData\Local\Microsoft\WindowsApps;C:\Users\lakit\AppData\Local\Programs\Microsoft VS Code\bin;C:\Users\lakit\AppData\Roaming\npm;C:\Users\lakit\AppData\Local\Android\Sdk;C:\Users\lakit\AppData\Local\Android\Sdk\platform-tools;C:\Users\lakit\AppData\Local\Android\Sdk\tools
USERNAME=lakit
OS=Windows_NT
PROCESSOR_IDENTIFIER=Intel64 Family 6 Model 142 Stepping 10, GenuineIntel
TMP=C:\Users\lakit\AppData\Local\Temp
TEMP=C:\Users\lakit\AppData\Local\Temp



---------------  S Y S T E M  ---------------

OS:
 Windows 11 , 64 bit Build 22000 (10.0.22000.708)
OS uptime: 0 days 3:31 hours

CPU: total 8 (initial active 8) (4 cores per cpu, 2 threads per core) family 6 model 142 stepping 10 microcode 0xe0, cx8, cmov, fxsr, ht, mmx, 3dnowpref, sse, sse2, sse3, ssse3, sse4.1, sse4.2, popcnt, lzcnt, tsc, tscinvbit, avx, avx2, aes, erms, clmul, bmi1, bmi2, adx, fma, vzeroupper, clflush, clflushopt

Memory: 4k page, system-wide physical 8069M (884M free)
TotalPageFile size 18569M (AvailPageFile size 303M)
current process WorkingSet (physical memory assigned to process): 92M, peak: 95M
current process commit charge ("private bytes"): 207M, peak: 211M

vm_info: OpenJDK 64-Bit Server VM (17.0.5+8) for windows-amd64 JRE (17.0.5+8), built on Oct 19 2022 04:48:13 by "temurin" with MS VC++ 16.7 (VS2019)

END.
