#
# There is insufficient memory for the Java Runtime Environment to continue.
# Native memory allocation (mmap) failed to map 2097152 bytes for G1 virtual space
# Possible reasons:
#   The system is out of physical RAM or swap space
#   The process is running with CompressedOops enabled, and the Java Heap may be blocking the growth of the native heap
# Possible solutions:
#   Reduce memory load on the system
#   Increase physical memory or swap space
#   Check if swap backing store is full
#   Decrease Java heap size (-Xmx/-Xms)
#   Decrease number of Java threads
#   Decrease Java thread stack sizes (-Xss)
#   Set larger code cache with -XX:ReservedCodeCacheSize=
#   JVM is running with Unscaled Compressed Oops mode in which the Java heap is
#     placed in the first 4GB address space. The Java Heap base address is the
#     maximum limit for the native heap growth. Please use -XX:HeapBaseMinAddress
#     to set the Java Heap base and to place the Java Heap above 4GB virtual address.
# This output file may be truncated or incomplete.
#
#  Out of Memory Error (os_windows.cpp:3466), pid=9728, tid=12912
#
# JRE version: Java(TM) SE Runtime Environment (16.0.2+7) (build 16.0.2+7-67)
# Java VM: Java HotSpot(TM) 64-Bit Server VM (16.0.2+7-67, mixed mode, sharing, tiered, compressed oops, compressed class ptrs, g1 gc, windows-amd64)
# No core dump will be written. Minidumps are not enabled by default on client versions of Windows
#

---------------  S U M M A R Y ------------

Command Line: -XX:MaxMetaspaceSize=512m --add-opens=java.base/java.util=ALL-UNNAMED --add-opens=java.base/java.lang=ALL-UNNAMED --add-opens=java.base/java.lang.invoke=ALL-UNNAMED --add-opens=java.base/java.util=ALL-UNNAMED --add-opens=java.prefs/java.util.prefs=ALL-UNNAMED --add-opens=java.prefs/java.util.prefs=ALL-UNNAMED --add-opens=java.base/java.nio.charset=ALL-UNNAMED --add-opens=java.base/java.net=ALL-UNNAMED --add-opens=java.base/java.util.concurrent.atomic=ALL-UNNAMED -Xmx2048m -Dfile.encoding=utf8 -Duser.country=US -Duser.language=en -Duser.variant org.gradle.launcher.daemon.bootstrap.GradleDaemon 7.3.3

Host: Intel(R) Core(TM) i5-8250U CPU @ 1.60GHz, 8 cores, 7G,  Windows 10 , 64 bit Build 22000 (10.0.22000.708)
Time: Fri Dec 16 16:33:15 2022 Sri Lanka Standard Time elapsed time: 35.678711 seconds (0d 0h 0m 35s)

---------------  T H R E A D  ---------------

Current thread (0x0000015fd8d56730):  VMThread "VM Thread" [stack: 0x000000555be00000,0x000000555bf00000] [id=12912]

Stack: [0x000000555be00000,0x000000555bf00000]
Native frames: (J=compiled Java code, j=interpreted, Vv=VM code, C=native code)
V  [jvm.dll+0x6681ca]
V  [jvm.dll+0x7c9e69]
V  [jvm.dll+0x7cb61e]
V  [jvm.dll+0x7cbc73]
V  [jvm.dll+0x242c55]
V  [jvm.dll+0x664f89]
V  [jvm.dll+0x659b75]
V  [jvm.dll+0x2fbfbb]
V  [jvm.dll+0x3031b6]
V  [jvm.dll+0x35299e]
V  [jvm.dll+0x352bcf]
V  [jvm.dll+0x2d3028]
V  [jvm.dll+0x2d6596]
V  [jvm.dll+0x2e0aa7]
V  [jvm.dll+0x315550]
V  [jvm.dll+0x7d00ab]
V  [jvm.dll+0x7d0da4]
V  [jvm.dll+0x7d12a9]
V  [jvm.dll+0x7d1564]
V  [jvm.dll+0x7d1630]
V  [jvm.dll+0x7795aa]
V  [jvm.dll+0x667066]
C  [ucrtbase.dll+0x26c0c]
C  [KERNEL32.DLL+0x154e0]
C  [ntdll.dll+0x485b]

VM_Operation (0x000000555baff9e0): G1Concurrent, mode: safepoint, requested by thread 0x0000015fbac61830


---------------  P R O C E S S  ---------------

Threads class SMR info:
_java_thread_list=0x0000015fdf1ad450, length=80, elements={
0x0000015fbac133e0, 0x0000015fd8d5bde0, 0x0000015fd8d5c8f0, 0x0000015fd8d6c6a0,
0x0000015fd8d70fd0, 0x0000015fd8d718e0, 0x0000015fd8d721f0, 0x0000015fd8d72e30,
0x0000015fd8d76ba0, 0x0000015fd8d82a00, 0x0000015fd98af300, 0x0000015fd98b3830,
0x0000015fdbef6780, 0x0000015fdaea90d0, 0x0000015fdc461d80, 0x0000015fda8580f0,
0x0000015fdab487f0, 0x0000015fdb57a850, 0x0000015fdaca3ab0, 0x0000015fdaca4000,
0x0000015fdaca1580, 0x0000015fdaca2020, 0x0000015fdaca2570, 0x0000015fdaca1ad0,
0x0000015fdaca4550, 0x0000015fdaca3560, 0x0000015fdaca4aa0, 0x0000015fdaca3010,
0x0000015fdaca2ac0, 0x0000015fdc6d50a0, 0x0000015fdc6d4b50, 0x0000015fdc6cf650,
0x0000015fdc6d00f0, 0x0000015fdc6d0b90, 0x0000015fdc6d5b40, 0x0000015fdc6d30c0,
0x0000015fdc6d4600, 0x0000015fdc6d10e0, 0x0000015fdc6d3b60, 0x0000015fdc6d2620,
0x0000015fdc6d20d0, 0x0000015fdc6d55f0, 0x0000015fdc6d1630, 0x0000015fdc6d0640,
0x0000015fdc6d1b80, 0x0000015fdc6d65e0, 0x0000015fdc6d6b30, 0x0000015fdc6d7080,
0x0000015fdc6d2b70, 0x0000015fdc6cfba0, 0x0000015fdbb64010, 0x0000015fdbb63570,
0x0000015fdbb63020, 0x0000015fdbb60af0, 0x0000015fdbb63ac0, 0x0000015fdbb64560,
0x0000015fdbb64ab0, 0x0000015fdbb61040, 0x0000015fdbb61ae0, 0x0000015fdbb5f5b0,
0x0000015fdbb5fb00, 0x0000015fdbb65000, 0x0000015fdbb65550, 0x0000015fdbb60050,
0x0000015fdbb65ff0, 0x0000015fdbb65aa0, 0x0000015fdbb66540, 0x0000015fdbb66a90,
0x0000015fdbb5f060, 0x0000015fdbb605a0, 0x0000015fdbb61590, 0x0000015fdbb62030,
0x0000015fdbb62580, 0x0000015fdbb62ad0, 0x0000015fe0118270, 0x0000015fe0116d30,
0x0000015fe01187c0, 0x0000015fe0117d20, 0x0000015fe0115d40, 0x0000015fdbf316f0
}

Java Threads: ( => current thread )
  0x0000015fbac133e0 JavaThread "main" [_thread_blocked, id=11464, stack(0x000000555b800000,0x000000555b900000)]
  0x0000015fd8d5bde0 JavaThread "Reference Handler" daemon [_thread_blocked, id=11740, stack(0x000000555bf00000,0x000000555c000000)]
  0x0000015fd8d5c8f0 JavaThread "Finalizer" daemon [_thread_blocked, id=4544, stack(0x000000555c000000,0x000000555c100000)]
  0x0000015fd8d6c6a0 JavaThread "Signal Dispatcher" daemon [_thread_blocked, id=14748, stack(0x000000555c100000,0x000000555c200000)]
  0x0000015fd8d70fd0 JavaThread "Attach Listener" daemon [_thread_blocked, id=12024, stack(0x000000555c200000,0x000000555c300000)]
  0x0000015fd8d718e0 JavaThread "Service Thread" daemon [_thread_blocked, id=15204, stack(0x000000555c300000,0x000000555c400000)]
  0x0000015fd8d721f0 JavaThread "Monitor Deflation Thread" daemon [_thread_blocked, id=10340, stack(0x000000555c400000,0x000000555c500000)]
  0x0000015fd8d72e30 JavaThread "C2 CompilerThread0" daemon [_thread_blocked, id=3236, stack(0x000000555c500000,0x000000555c600000)]
  0x0000015fd8d76ba0 JavaThread "C1 CompilerThread0" daemon [_thread_blocked, id=15312, stack(0x000000555c600000,0x000000555c700000)]
  0x0000015fd8d82a00 JavaThread "Sweeper thread" daemon [_thread_blocked, id=11304, stack(0x000000555c700000,0x000000555c800000)]
  0x0000015fd98af300 JavaThread "Common-Cleaner" daemon [_thread_blocked, id=7468, stack(0x000000555c800000,0x000000555c900000)]
  0x0000015fd98b3830 JavaThread "Notification Thread" daemon [_thread_blocked, id=11268, stack(0x000000555c900000,0x000000555ca00000)]
  0x0000015fdbef6780 JavaThread "Daemon health stats" [_thread_blocked, id=12764, stack(0x000000555d000000,0x000000555d100000)]
  0x0000015fdaea90d0 JavaThread "Incoming local TCP Connector on port 55974" [_thread_in_native, id=6856, stack(0x000000555cc00000,0x000000555cd00000)]
  0x0000015fdc461d80 JavaThread "Daemon periodic checks" [_thread_blocked, id=14720, stack(0x000000555d100000,0x000000555d200000)]
  0x0000015fda8580f0 JavaThread "Daemon" [_thread_blocked, id=5124, stack(0x000000555d300000,0x000000555d400000)]
  0x0000015fdab487f0 JavaThread "Handler for socket connection from /127.0.0.1:55974 to /127.0.0.1:55975" [_thread_in_native, id=13884, stack(0x000000555d400000,0x000000555d500000)]
  0x0000015fdb57a850 JavaThread "Cancel handler" [_thread_blocked, id=14884, stack(0x000000555d500000,0x000000555d600000)]
  0x0000015fdaca3ab0 JavaThread "Daemon worker" [_thread_blocked, id=14108, stack(0x000000555d200000,0x000000555d300000)]
  0x0000015fdaca4000 JavaThread "Asynchronous log dispatcher for DefaultDaemonConnection: socket connection from /127.0.0.1:55974 to /127.0.0.1:55975" [_thread_blocked, id=14972, stack(0x000000555d600000,0x000000555d700000)]
  0x0000015fdaca1580 JavaThread "Stdin handler" [_thread_blocked, id=3484, stack(0x000000555d700000,0x000000555d800000)]
  0x0000015fdaca2020 JavaThread "Daemon client event forwarder" [_thread_blocked, id=13276, stack(0x000000555d800000,0x000000555d900000)]
  0x0000015fdaca2570 JavaThread "Cache worker for journal cache (C:\Users\lakit\.gradle\caches\journal-1)" [_thread_blocked, id=8900, stack(0x000000555d900000,0x000000555da00000)]
  0x0000015fdaca1ad0 JavaThread "File lock request listener" [_thread_in_native, id=8344, stack(0x000000555da00000,0x000000555db00000)]
  0x0000015fdaca4550 JavaThread "Cache worker for file hash cache (C:\Users\lakit\.gradle\caches\7.3.3\fileHashes)" [_thread_blocked, id=11992, stack(0x000000555db00000,0x000000555dc00000)]
  0x0000015fdaca3560 JavaThread "Cache worker for file hash cache (C:\Users\lakit\Desktop\New folder (3)\WhatsappFake\android\.gradle\7.3.3\fileHashes)" [_thread_blocked, id=11292, stack(0x000000555df00000,0x000000555e000000)]
  0x0000015fdaca4aa0 JavaThread "File watcher server" daemon [_thread_in_native, id=13716, stack(0x000000555e200000,0x000000555e300000)]
  0x0000015fdaca3010 JavaThread "File watcher consumer" daemon [_thread_blocked, id=14176, stack(0x000000555e300000,0x000000555e400000)]
  0x0000015fdaca2ac0 JavaThread "Cache worker for checksums cache (C:\Users\lakit\Desktop\New folder (3)\WhatsappFake\android\.gradle\7.3.3\checksums)" [_thread_blocked, id=8880, stack(0x000000555e000000,0x000000555e100000)]
  0x0000015fdc6d50a0 JavaThread "Cache worker for cache directory md-supplier (C:\Users\lakit\.gradle\caches\7.3.3\md-supplier)" [_thread_blocked, id=11672, stack(0x000000555e100000,0x000000555e200000)]
  0x0000015fdc6d4b50 JavaThread "Cache worker for cache directory md-rule (C:\Users\lakit\.gradle\caches\7.3.3\md-rule)" [_thread_blocked, id=13364, stack(0x000000555e600000,0x000000555e700000)]
  0x0000015fdc6cf650 JavaThread "Cache worker for execution history cache (C:\Users\lakit\.gradle\caches\7.3.3\executionHistory)" [_thread_blocked, id=12604, stack(0x000000555e800000,0x000000555e900000)]
  0x0000015fdc6d00f0 JavaThread "jar transforms" [_thread_blocked, id=8220, stack(0x000000555e700000,0x000000555e800000)]
  0x0000015fdc6d0b90 JavaThread "jar transforms Thread 2" [_thread_blocked, id=14916, stack(0x000000555ea00000,0x000000555eb00000)]
  0x0000015fdc6d5b40 JavaThread "Cache worker for file content cache (C:\Users\lakit\.gradle\caches\7.3.3\fileContent)" [_thread_blocked, id=8128, stack(0x000000555eb00000,0x000000555ec00000)]
  0x0000015fdc6d30c0 JavaThread "jar transforms Thread 3" [_thread_blocked, id=10760, stack(0x000000555ec00000,0x000000555ed00000)]
  0x0000015fdc6d4600 JavaThread "jar transforms Thread 4" [_thread_blocked, id=8432, stack(0x000000555ed00000,0x000000555ee00000)]
  0x0000015fdc6d10e0 JavaThread "jar transforms Thread 5" [_thread_blocked, id=11800, stack(0x000000555e900000,0x000000555ea00000)]
  0x0000015fdc6d3b60 JavaThread "jar transforms Thread 6" [_thread_blocked, id=13952, stack(0x000000555ee00000,0x000000555ef00000)]
  0x0000015fdc6d2620 JavaThread "Cache worker for kotlin-dsl (C:\Users\lakit\.gradle\caches\7.3.3\kotlin-dsl)" [_thread_blocked, id=14872, stack(0x000000555ef00000,0x000000555f000000)]
  0x0000015fdc6d20d0 JavaThread "jar transforms Thread 7" [_thread_blocked, id=8896, stack(0x000000555f000000,0x000000555f100000)]
  0x0000015fdc6d55f0 JavaThread "jar transforms Thread 8" [_thread_blocked, id=7252, stack(0x000000555f100000,0x000000555f200000)]
  0x0000015fdc6d1630 JavaThread "Cache worker for dependencies-accessors (C:\Users\lakit\Desktop\New folder (3)\WhatsappFake\android\.gradle\7.3.3\dependencies-accessors)" [_thread_blocked, id=1196, stack(0x000000555f200000,0x000000555f300000)]
  0x0000015fdc6d0640 JavaThread "Cache worker for Build Output Cleanup Cache (C:\Users\lakit\Desktop\New folder (3)\WhatsappFake\node_modules\react-native-gradle-plugin\.gradle\buildOutputCleanup)" [_thread_blocked, id=13668, stack(0x000000555f300000,0x000000555f400000)]
  0x0000015fdc6d1b80 JavaThread "Unconstrained build operations" [_thread_blocked, id=15156, stack(0x000000555e400000,0x000000555e500000)]
  0x0000015fdc6d65e0 JavaThread "Unconstrained build operations Thread 2" [_thread_blocked, id=9760, stack(0x000000555f400000,0x000000555f500000)]
  0x0000015fdc6d6b30 JavaThread "Unconstrained build operations Thread 3" [_thread_blocked, id=14128, stack(0x000000555f500000,0x000000555f600000)]
  0x0000015fdc6d7080 JavaThread "Unconstrained build operations Thread 4" [_thread_blocked, id=15164, stack(0x000000555f600000,0x000000555f700000)]
  0x0000015fdc6d2b70 JavaThread "Unconstrained build operations Thread 5" [_thread_blocked, id=14900, stack(0x000000555f700000,0x000000555f800000)]
  0x0000015fdc6cfba0 JavaThread "Unconstrained build operations Thread 6" [_thread_blocked, id=1344, stack(0x000000555f800000,0x000000555f900000)]
  0x0000015fdbb64010 JavaThread "Unconstrained build operations Thread 7" [_thread_blocked, id=10300, stack(0x000000555f900000,0x000000555fa00000)]
  0x0000015fdbb63570 JavaThread "Unconstrained build operations Thread 8" [_thread_blocked, id=5764, stack(0x000000555fa00000,0x000000555fb00000)]
  0x0000015fdbb63020 JavaThread "Unconstrained build operations Thread 9" [_thread_blocked, id=5668, stack(0x000000555fb00000,0x000000555fc00000)]
  0x0000015fdbb60af0 JavaThread "Unconstrained build operations Thread 10" [_thread_blocked, id=3244, stack(0x000000555fc00000,0x000000555fd00000)]
  0x0000015fdbb63ac0 JavaThread "Unconstrained build operations Thread 11" [_thread_blocked, id=10536, stack(0x000000555fd00000,0x000000555fe00000)]
  0x0000015fdbb64560 JavaThread "Unconstrained build operations Thread 12" [_thread_blocked, id=8104, stack(0x000000555fe00000,0x000000555ff00000)]
  0x0000015fdbb64ab0 JavaThread "Unconstrained build operations Thread 13" [_thread_blocked, id=6248, stack(0x000000555ff00000,0x0000005560000000)]
  0x0000015fdbb61040 JavaThread "Unconstrained build operations Thread 14" [_thread_blocked, id=11412, stack(0x0000005560000000,0x0000005560100000)]
  0x0000015fdbb61ae0 JavaThread "Unconstrained build operations Thread 15" [_thread_blocked, id=12056, stack(0x0000005560100000,0x0000005560200000)]
  0x0000015fdbb5f5b0 JavaThread "Unconstrained build operations Thread 16" [_thread_blocked, id=6888, stack(0x0000005560200000,0x0000005560300000)]
  0x0000015fdbb5fb00 JavaThread "Unconstrained build operations Thread 17" [_thread_blocked, id=13240, stack(0x0000005560300000,0x0000005560400000)]
  0x0000015fdbb65000 JavaThread "Unconstrained build operations Thread 18" [_thread_blocked, id=13528, stack(0x0000005560400000,0x0000005560500000)]
  0x0000015fdbb65550 JavaThread "Unconstrained build operations Thread 19" [_thread_blocked, id=6156, stack(0x0000005560500000,0x0000005560600000)]
  0x0000015fdbb60050 JavaThread "Unconstrained build operations Thread 20" [_thread_blocked, id=5164, stack(0x0000005560600000,0x0000005560700000)]
  0x0000015fdbb65ff0 JavaThread "Unconstrained build operations Thread 21" [_thread_blocked, id=11000, stack(0x0000005560700000,0x0000005560800000)]
  0x0000015fdbb65aa0 JavaThread "Unconstrained build operations Thread 22" [_thread_blocked, id=1736, stack(0x0000005560800000,0x0000005560900000)]
  0x0000015fdbb66540 JavaThread "Unconstrained build operations Thread 23" [_thread_blocked, id=12020, stack(0x0000005560900000,0x0000005560a00000)]
  0x0000015fdbb66a90 JavaThread "Unconstrained build operations Thread 24" [_thread_blocked, id=10612, stack(0x0000005560a00000,0x0000005560b00000)]
  0x0000015fdbb5f060 JavaThread "Unconstrained build operations Thread 25" [_thread_blocked, id=8988, stack(0x0000005560b00000,0x0000005560c00000)]
  0x0000015fdbb605a0 JavaThread "Unconstrained build operations Thread 26" [_thread_blocked, id=8364, stack(0x0000005560c00000,0x0000005560d00000)]
  0x0000015fdbb61590 JavaThread "Unconstrained build operations Thread 27" [_thread_blocked, id=13120, stack(0x0000005560d00000,0x0000005560e00000)]
  0x0000015fdbb62030 JavaThread "Unconstrained build operations Thread 28" [_thread_blocked, id=13756, stack(0x0000005560e00000,0x0000005560f00000)]
  0x0000015fdbb62580 JavaThread "Unconstrained build operations Thread 29" [_thread_blocked, id=12948, stack(0x0000005560f00000,0x0000005561000000)]
  0x0000015fdbb62ad0 JavaThread "Unconstrained build operations Thread 30" [_thread_blocked, id=2044, stack(0x0000005561000000,0x0000005561100000)]
  0x0000015fe0118270 JavaThread "Unconstrained build operations Thread 31" [_thread_blocked, id=14868, stack(0x0000005561100000,0x0000005561200000)]
  0x0000015fe0116d30 JavaThread "Unconstrained build operations Thread 32" [_thread_blocked, id=11240, stack(0x0000005561200000,0x0000005561300000)]
  0x0000015fe01187c0 JavaThread "Unconstrained build operations Thread 33" [_thread_blocked, id=13468, stack(0x0000005561300000,0x0000005561400000)]
  0x0000015fe0117d20 JavaThread "build event listener" [_thread_blocked, id=5288, stack(0x0000005561500000,0x0000005561600000)]
  0x0000015fe0115d40 JavaThread "Memory manager" [_thread_blocked, id=4344, stack(0x0000005561600000,0x0000005561700000)]
  0x0000015fdbf316f0 JavaThread "C2 CompilerThread1" daemon [_thread_blocked, id=10332, stack(0x0000005561400000,0x0000005561500000)]

Other Threads:
=>0x0000015fd8d56730 VMThread "VM Thread" [stack: 0x000000555be00000,0x000000555bf00000] [id=12912]
  0x0000015fd98b3d50 WatcherThread [stack: 0x000000555ca00000,0x000000555cb00000] [id=7776]
  0x0000015fbac50690 GCTaskThread "GC Thread#0" [stack: 0x000000555b900000,0x000000555ba00000] [id=964]
  0x0000015fda42ab50 GCTaskThread "GC Thread#1" [stack: 0x000000555cd00000,0x000000555ce00000] [id=10256]
  0x0000015fda5d0340 GCTaskThread "GC Thread#2" [stack: 0x000000555ce00000,0x000000555cf00000] [id=11484]
  0x0000015fda3d76b0 GCTaskThread "GC Thread#3" [stack: 0x000000555cf00000,0x000000555d000000] [id=5700]
  0x0000015fda8e0310 GCTaskThread "GC Thread#4" [stack: 0x000000555cb00000,0x000000555cc00000] [id=13440]
  0x0000015fdb43c090 GCTaskThread "GC Thread#5" [stack: 0x000000555dc00000,0x000000555dd00000] [id=13840]
  0x0000015fdb43c6b0 GCTaskThread "GC Thread#6" [stack: 0x000000555dd00000,0x000000555de00000] [id=3252]
  0x0000015fdb43d2f0 GCTaskThread "GC Thread#7" [stack: 0x000000555de00000,0x000000555df00000] [id=10528]
  0x0000015fbac61830 ConcurrentGCThread "G1 Main Marker" [stack: 0x000000555ba00000,0x000000555bb00000] [id=9200]
  0x0000015fbac62a40 ConcurrentGCThread "G1 Conc#0" [stack: 0x000000555bb00000,0x000000555bc00000] [id=12000]
  0x0000015fdb43c9c0 ConcurrentGCThread "G1 Conc#1" [stack: 0x000000555e500000,0x000000555e600000] [id=4452]
  0x0000015fbacebb70 ConcurrentGCThread "G1 Refine#0" [stack: 0x000000555bc00000,0x000000555bd00000] [id=10964]
  0x0000015fbacec500 ConcurrentGCThread "G1 Service" [stack: 0x000000555bd00000,0x000000555be00000] [id=12360]

Threads with active compile tasks:
C2 CompilerThread0    35742 5903       4       java.util.stream.AbstractPipeline::copyInto (54 bytes)
C2 CompilerThread1    35742 5902       4       java.util.stream.AbstractPipeline::wrapAndCopyInto (18 bytes)

VM state: at safepoint (normal execution)

VM Mutex/Monitor currently owned by a thread:  ([mutex/lock_event])
[0x0000015fbac103a0] Threads_lock - owner thread: 0x0000015fd8d56730
[0x0000015fbac10a60] Heap_lock - owner thread: 0x0000015fbac61830

Heap address: 0x0000000080000000, size: 2048 MB, Compressed Oops mode: 32-bit

CDS archive(s) mapped at: [0x0000000800000000-0x0000000800bb0000-0x0000000800bb0000), size 12255232, SharedBaseAddress: 0x0000000800000000, ArchiveRelocationMode: 0.
Compressed class space mapped at: 0x0000000800c00000-0x000000081a800000, reserved size: 432013312
Narrow klass base: 0x0000000800000000, Narrow klass shift: 3, Narrow klass range: 0x100000000

GC Precious Log:
 CPUs: 8 total, 8 available
 Memory: 8069M
 Large Page Support: Disabled
 NUMA Support: Disabled
 Compressed Oops: Enabled (32-bit)
 Heap Region Size: 1M
 Heap Min Capacity: 8M
 Heap Initial Capacity: 128M
 Heap Max Capacity: 2G
 Pre-touch: Disabled
 Parallel Workers: 8
 Concurrent Workers: 2
 Concurrent Refinement Workers: 8
 Periodic GC: Disabled

Heap:
 garbage-first heap   total 78848K, used 44414K [0x0000000080000000, 0x0000000100000000)
  region size 1024K, 4 young (4096K), 2 survivors (2048K)
 Metaspace       used 51890K, committed 52480K, reserved 471040K
  class space    used 7110K, committed 7360K, reserved 421888K

Heap Regions: E=young(eden), S=young(survivor), O=old, HS=humongous(starts), HC=humongous(continues), CS=collection set, F=free, OA=open archive, CA=closed archive, TAMS=top-at-mark-start (previous, next)
|   0|0x0000000080000000, 0x0000000080100000, 0x0000000080100000|100%| O|  |TAMS 0x0000000080100000, 0x0000000080000000| Updating 
|   1|0x0000000080100000, 0x0000000080200000, 0x0000000080200000|100%| O|  |TAMS 0x0000000080200000, 0x0000000080100000| Updating 
|   2|0x0000000080200000, 0x0000000080300000, 0x0000000080300000|100%| O|  |TAMS 0x0000000080300000, 0x0000000080200000| Updating 
|   3|0x0000000080300000, 0x0000000080400000, 0x0000000080400000|100%|HS|  |TAMS 0x0000000080400000, 0x0000000080300000| Complete 
|   4|0x0000000080400000, 0x0000000080500000, 0x0000000080500000|100%|HC|  |TAMS 0x0000000080500000, 0x0000000080400000| Complete 
|   5|0x0000000080500000, 0x0000000080600000, 0x0000000080600000|100%|HC|  |TAMS 0x0000000080600000, 0x0000000080500000| Complete 
|   6|0x0000000080600000, 0x0000000080700000, 0x0000000080700000|100%| O|  |TAMS 0x0000000080700000, 0x0000000080600000| Updating 
|   7|0x0000000080700000, 0x0000000080800000, 0x0000000080800000|100%| O|  |TAMS 0x0000000080800000, 0x0000000080700000| Updating 
|   8|0x0000000080800000, 0x0000000080900000, 0x0000000080900000|100%| O|  |TAMS 0x0000000080900000, 0x0000000080800000| Updating 
|   9|0x0000000080900000, 0x0000000080a00000, 0x0000000080a00000|100%| O|  |TAMS 0x0000000080a00000, 0x0000000080900000| Updating 
|  10|0x0000000080a00000, 0x0000000080b00000, 0x0000000080b00000|100%| O|  |TAMS 0x0000000080b00000, 0x0000000080a00000| Updating 
|  11|0x0000000080b00000, 0x0000000080c00000, 0x0000000080c00000|100%| O|  |TAMS 0x0000000080c00000, 0x0000000080b00000| Updating 
|  12|0x0000000080c00000, 0x0000000080d00000, 0x0000000080d00000|100%| O|  |TAMS 0x0000000080d00000, 0x0000000080c00000| Updating 
|  13|0x0000000080d00000, 0x0000000080e00000, 0x0000000080e00000|100%| O|  |TAMS 0x0000000080e00000, 0x0000000080d00000| Updating 
|  14|0x0000000080e00000, 0x0000000080f00000, 0x0000000080f00000|100%| O|  |TAMS 0x0000000080f00000, 0x0000000080e00000| Updating 
|  15|0x0000000080f00000, 0x0000000081000000, 0x0000000081000000|100%| O|  |TAMS 0x0000000081000000, 0x0000000080f00000| Updating 
|  16|0x0000000081000000, 0x0000000081100000, 0x0000000081100000|100%| O|  |TAMS 0x0000000081100000, 0x0000000081000000| Updating 
|  17|0x0000000081100000, 0x0000000081200000, 0x0000000081200000|100%| O|  |TAMS 0x0000000081200000, 0x0000000081100000| Updating 
|  18|0x0000000081200000, 0x000000008120f400, 0x0000000081300000|  5%| O|  |TAMS 0x000000008120f400, 0x0000000081200000| Updating 
|  19|0x0000000081300000, 0x0000000081400000, 0x0000000081400000|100%| O|  |TAMS 0x0000000081400000, 0x0000000081300000| Updating 
|  20|0x0000000081400000, 0x0000000081500000, 0x0000000081500000|100%| O|  |TAMS 0x0000000081500000, 0x0000000081400000| Updating 
|  21|0x0000000081500000, 0x0000000081600000, 0x0000000081600000|100%| O|  |TAMS 0x0000000081600000, 0x0000000081500000| Updating 
|  22|0x0000000081600000, 0x0000000081700000, 0x0000000081700000|100%| O|  |TAMS 0x0000000081700000, 0x0000000081600000| Updating 
|  23|0x0000000081700000, 0x0000000081800000, 0x0000000081800000|100%| O|  |TAMS 0x0000000081800000, 0x0000000081700000| Updating 
|  24|0x0000000081800000, 0x0000000081900000, 0x0000000081900000|100%| O|  |TAMS 0x0000000081900000, 0x0000000081800000| Updating 
|  25|0x0000000081900000, 0x0000000081a00000, 0x0000000081a00000|100%| O|  |TAMS 0x0000000081a00000, 0x0000000081900000| Updating 
|  26|0x0000000081a00000, 0x0000000081b00000, 0x0000000081b00000|100%| O|  |TAMS 0x0000000081b00000, 0x0000000081a00000| Updating 
|  27|0x0000000081b00000, 0x0000000081c00000, 0x0000000081c00000|100%| O|  |TAMS 0x0000000081c00000, 0x0000000081b00000| Updating 
|  28|0x0000000081c00000, 0x0000000081d00000, 0x0000000081d00000|100%| O|  |TAMS 0x0000000081d00000, 0x0000000081c00000| Updating 
|  29|0x0000000081d00000, 0x0000000081e00000, 0x0000000081e00000|100%| O|  |TAMS 0x0000000081e00000, 0x0000000081d00000| Updating 
|  30|0x0000000081e00000, 0x0000000081f00000, 0x0000000081f00000|100%| O|  |TAMS 0x0000000081f00000, 0x0000000081e00000| Updating 
|  31|0x0000000081f00000, 0x0000000082000000, 0x0000000082000000|100%| O|  |TAMS 0x0000000082000000, 0x0000000081f00000| Updating 
|  32|0x0000000082000000, 0x0000000082100000, 0x0000000082100000|100%| O|  |TAMS 0x0000000082100000, 0x0000000082000000| Updating 
|  33|0x0000000082100000, 0x0000000082200000, 0x0000000082200000|100%| O|  |TAMS 0x0000000082200000, 0x0000000082100000| Updating 
|  34|0x0000000082200000, 0x0000000082300000, 0x0000000082300000|100%|HS|  |TAMS 0x0000000082300000, 0x0000000082200000| Complete 
|  35|0x0000000082300000, 0x0000000082400000, 0x0000000082400000|100%|HS|  |TAMS 0x0000000082400000, 0x0000000082300000| Complete 
|  36|0x0000000082400000, 0x0000000082500000, 0x0000000082500000|100%|HC|  |TAMS 0x0000000082500000, 0x0000000082400000| Complete 
|  37|0x0000000082500000, 0x0000000082600000, 0x0000000082600000|100%|HC|  |TAMS 0x0000000082600000, 0x0000000082500000| Complete 
|  38|0x0000000082600000, 0x0000000082700000, 0x0000000082700000|100%| O|  |TAMS 0x0000000082700000, 0x0000000082600000| Updating 
|  39|0x0000000082700000, 0x0000000082800000, 0x0000000082800000|100%| O|  |TAMS 0x0000000082800000, 0x0000000082700000| Updating 
|  40|0x0000000082800000, 0x0000000082900000, 0x0000000082900000|100%| O|  |TAMS 0x0000000082900000, 0x0000000082800000| Updating 
|  41|0x0000000082900000, 0x0000000082a00000, 0x0000000082a00000|100%| O|  |TAMS 0x00000000829e0600, 0x0000000082900000| Updating 
|  42|0x0000000082a00000, 0x0000000082ac6200, 0x0000000082b00000| 77%| O|  |TAMS 0x0000000082a00000, 0x0000000082a00000| Updating 
|  43|0x0000000082b00000, 0x0000000082b00000, 0x0000000082c00000|  0%| F|  |TAMS 0x0000000082b00000, 0x0000000082b00000| Untracked 
|  44|0x0000000082c00000, 0x0000000082c00000, 0x0000000082d00000|  0%| F|  |TAMS 0x0000000082c00000, 0x0000000082c00000| Untracked 
|  45|0x0000000082d00000, 0x0000000082d00000, 0x0000000082e00000|  0%| F|  |TAMS 0x0000000082d00000, 0x0000000082d00000| Untracked 
|  46|0x0000000082e00000, 0x0000000082e00000, 0x0000000082f00000|  0%| F|  |TAMS 0x0000000082e00000, 0x0000000082e00000| Untracked 
|  47|0x0000000082f00000, 0x0000000082f00000, 0x0000000083000000|  0%| F|  |TAMS 0x0000000082f00000, 0x0000000082f00000| Untracked 
|  48|0x0000000083000000, 0x0000000083000000, 0x0000000083100000|  0%| F|  |TAMS 0x0000000083000000, 0x0000000083000000| Untracked 
|  49|0x0000000083100000, 0x0000000083100000, 0x0000000083200000|  0%| F|  |TAMS 0x0000000083100000, 0x0000000083100000| Untracked 
|  50|0x0000000083200000, 0x0000000083200000, 0x0000000083300000|  0%| F|  |TAMS 0x0000000083200000, 0x0000000083200000| Untracked 
|  51|0x0000000083300000, 0x0000000083300000, 0x0000000083400000|  0%| F|  |TAMS 0x0000000083300000, 0x0000000083300000| Untracked 
|  52|0x0000000083400000, 0x0000000083400000, 0x0000000083500000|  0%| F|  |TAMS 0x0000000083400000, 0x0000000083400000| Untracked 
|  53|0x0000000083500000, 0x000000008358a440, 0x0000000083600000| 54%| S|CS|TAMS 0x0000000083500000, 0x0000000083500000| Complete 
|  54|0x0000000083600000, 0x0000000083700000, 0x0000000083700000|100%| S|CS|TAMS 0x0000000083600000, 0x0000000083600000| Complete 
|  55|0x0000000083700000, 0x0000000083700000, 0x0000000083800000|  0%| F|  |TAMS 0x0000000083700000, 0x0000000083700000| Untracked 
|  56|0x0000000083800000, 0x0000000083800000, 0x0000000083900000|  0%| F|  |TAMS 0x0000000083800000, 0x0000000083800000| Untracked 
|  57|0x0000000083900000, 0x0000000083900000, 0x0000000083a00000|  0%| F|  |TAMS 0x0000000083900000, 0x0000000083900000| Untracked 
|  58|0x0000000083a00000, 0x0000000083a00000, 0x0000000083b00000|  0%| F|  |TAMS 0x0000000083a00000, 0x0000000083a00000| Untracked 
|  59|0x0000000083b00000, 0x0000000083b00000, 0x0000000083c00000|  0%| F|  |TAMS 0x0000000083b00000, 0x0000000083b00000| Untracked 
|  60|0x0000000083c00000, 0x0000000083c00000, 0x0000000083d00000|  0%| F|  |TAMS 0x0000000083c00000, 0x0000000083c00000| Untracked 
|  61|0x0000000083d00000, 0x0000000083d00000, 0x0000000083e00000|  0%| F|  |TAMS 0x0000000083d00000, 0x0000000083d00000| Untracked 
|  62|0x0000000083e00000, 0x0000000083e00000, 0x0000000083f00000|  0%| F|  |TAMS 0x0000000083e00000, 0x0000000083e00000| Untracked 
|  63|0x0000000083f00000, 0x0000000083f00000, 0x0000000084000000|  0%| F|  |TAMS 0x0000000083f00000, 0x0000000083f00000| Untracked 
|  64|0x0000000084000000, 0x0000000084000000, 0x0000000084100000|  0%| F|  |TAMS 0x0000000084000000, 0x0000000084000000| Untracked 
|  65|0x0000000084100000, 0x0000000084100000, 0x0000000084200000|  0%| F|  |TAMS 0x0000000084100000, 0x0000000084100000| Untracked 
|  66|0x0000000084200000, 0x0000000084200000, 0x0000000084300000|  0%| F|  |TAMS 0x0000000084200000, 0x0000000084200000| Untracked 
|  67|0x0000000084300000, 0x0000000084300000, 0x0000000084400000|  0%| F|  |TAMS 0x0000000084300000, 0x0000000084300000| Untracked 
|  68|0x0000000084400000, 0x0000000084400000, 0x0000000084500000|  0%| F|  |TAMS 0x0000000084400000, 0x0000000084400000| Untracked 
|  69|0x0000000084500000, 0x0000000084500000, 0x0000000084600000|  0%| F|  |TAMS 0x0000000084500000, 0x0000000084500000| Untracked 
|  70|0x0000000084600000, 0x0000000084600000, 0x0000000084700000|  0%| F|  |TAMS 0x0000000084600000, 0x0000000084600000| Untracked 
|  71|0x0000000084700000, 0x0000000084700000, 0x0000000084800000|  0%| F|  |TAMS 0x0000000084700000, 0x0000000084700000| Untracked 
|  72|0x0000000084800000, 0x0000000084800000, 0x0000000084900000|  0%| F|  |TAMS 0x0000000084800000, 0x0000000084800000| Untracked 
|  73|0x0000000084900000, 0x0000000084900000, 0x0000000084a00000|  0%| F|  |TAMS 0x0000000084900000, 0x0000000084900000| Untracked 
|  96|0x0000000086000000, 0x0000000086000000, 0x0000000086100000|  0%| F|  |TAMS 0x0000000086000000, 0x0000000086000000| Untracked 
|  97|0x0000000086100000, 0x000000008617c058, 0x0000000086200000| 48%| E|  |TAMS 0x0000000086100000, 0x0000000086100000| Complete 
| 127|0x0000000087f00000, 0x0000000088000000, 0x0000000088000000|100%| E|  |TAMS 0x0000000087f00000, 0x0000000087f00000| Complete 

Card table byte_map: [0x0000015fd1ad0000,0x0000015fd1ed0000] _byte_map_base: 0x0000015fd16d0000

Marking Bits (Prev, Next): (CMBitMap*) 0x0000015fbac50d00, (CMBitMap*) 0x0000015fbac50d40
 Prev Bits: [0x0000015fd22d0000, 0x0000015fd42d0000)
 Next Bits: [0x0000015fd42d0000, 0x0000015fd62d0000)

Polling page: 0x0000015fba3f0000

Metaspace:

Usage:
  Non-class:     43.73 MB used.
      Class:      6.94 MB used.
       Both:     50.67 MB used.

Virtual space:
  Non-class space:       48.00 MB reserved,      44.06 MB ( 92%) committed,  6 nodes.
      Class space:      412.00 MB reserved,       7.19 MB (  2%) committed,  1 nodes.
              Both:      460.00 MB reserved,      51.25 MB ( 11%) committed. 

Chunk freelists:
   Non-Class:  3.59 MB
       Class:  839.00 KB
        Both:  4.41 MB

MaxMetaspaceSize: 512.00 MB
CompressedClassSpaceSize: 412.00 MB
 - commit_granule_bytes: 65536.
 - commit_granule_words: 8192.
 - virtual_space_node_default_size: 1048576.
 - enlarge_chunks_in_place: 1.
 - new_chunks_are_fully_committed: 0.
 - uncommit_free_chunks: 1.
 - use_allocation_guard: 0.
 - handle_deallocations: 1.


Internal statistics:

num_allocs_failed_limit: 6.
num_arena_births: 640.
num_arena_deaths: 0.
num_vsnodes_births: 7.
num_vsnodes_deaths: 0.
num_space_committed: 820.
num_space_uncommitted: 0.
num_chunks_returned_to_freelist: 6.
num_chunks_taken_from_freelist: 2640.
num_chunk_merges: 6.
num_chunk_splits: 1772.
num_chunks_enlarged: 1213.
num_purges: 0.

CodeHeap 'non-profiled nmethods': size=120000Kb used=2909Kb max_used=3684Kb free=117090Kb
 bounds [0x0000015fc9e60000, 0x0000015fca200000, 0x0000015fd1390000]
CodeHeap 'profiled nmethods': size=120000Kb used=9922Kb max_used=11620Kb free=110077Kb
 bounds [0x0000015fc2930000, 0x0000015fc3490000, 0x0000015fc9e60000]
CodeHeap 'non-nmethods': size=5760Kb used=2356Kb max_used=2507Kb free=3403Kb
 bounds [0x0000015fc2390000, 0x0000015fc2610000, 0x0000015fc2930000]
 total_blobs=5922 nmethods=5051 adapters=783
 compilation: enabled
              stopped_count=0, restarted_count=0
 full_count=0

Compilation events (20 events):
Event: 35.665 Thread 0x0000015fd8d76ba0 5895       3       org.gradle.internal.snapshot.AbstractFileSystemLocationSnapshot::<init> (20 bytes)
Event: 35.665 Thread 0x0000015fd8d76ba0 nmethod 5895 0x0000015fc2e72690 code [0x0000015fc2e72840, 0x0000015fc2e72ab8]
Event: 35.665 Thread 0x0000015fd8d76ba0 5899       3       org.gradle.internal.file.impl.DefaultFileMetadata::<init> (27 bytes)
Event: 35.666 Thread 0x0000015fd8d76ba0 nmethod 5899 0x0000015fc2f2c610 code [0x0000015fc2f2c7c0, 0x0000015fc2f2c9f8]
Event: 35.666 Thread 0x0000015fd8d76ba0 5900       3       org.gradle.internal.file.impl.DefaultFileMetadata::file (15 bytes)
Event: 35.666 Thread 0x0000015fd8d76ba0 nmethod 5900 0x0000015fc2f3b710 code [0x0000015fc2f3b8c0, 0x0000015fc2f3bbb8]
Event: 35.666 Thread 0x0000015fd8d76ba0 5901       3       org.gradle.internal.snapshot.RegularFileSnapshot::<init> (25 bytes)
Event: 35.666 Thread 0x0000015fd8d76ba0 nmethod 5901 0x0000015fc3240790 code [0x0000015fc3240960, 0x0000015fc3240d58]
Event: 35.666 Thread 0x0000015fd8d76ba0 5891       3       org.gradle.internal.serialize.AbstractDecoder::readBinary (16 bytes)
Event: 35.667 Thread 0x0000015fd8d76ba0 nmethod 5891 0x0000015fc29cfa90 code [0x0000015fc29cfc60, 0x0000015fc29d0098]
Event: 35.667 Thread 0x0000015fd8d76ba0 5904       3       com.google.common.collect.MapMakerInternalMap$Segment::copyEntry (19 bytes)
Event: 35.667 Thread 0x0000015fd8d76ba0 nmethod 5904 0x0000015fc2c29190 code [0x0000015fc2c29340, 0x0000015fc2c29618]
Event: 35.667 Thread 0x0000015fd8d72e30 nmethod 5898 0x0000015fc9eb1e10 code [0x0000015fc9eb1fa0, 0x0000015fc9eb20b8]
Event: 35.667 Thread 0x0000015fdbf316f0 nmethod 5897 0x0000015fc9f69f90 code [0x0000015fc9f6a120, 0x0000015fc9f6a278]
Event: 35.667 Thread 0x0000015fd8d72e30 5903       4       java.util.stream.AbstractPipeline::copyInto (54 bytes)
Event: 35.667 Thread 0x0000015fdbf316f0 5902       4       java.util.stream.AbstractPipeline::wrapAndCopyInto (18 bytes)
Event: 35.669 Thread 0x0000015fd8d76ba0 5905       3       org.gradle.internal.snapshot.DirectorySnapshot$$Lambda$285/0x0000000800f82660::apply (8 bytes)
Event: 35.669 Thread 0x0000015fd8d76ba0 nmethod 5905 0x0000015fc2afc690 code [0x0000015fc2afc860, 0x0000015fc2afcd98]
Event: 35.669 Thread 0x0000015fd8d76ba0 5906       3       org.gradle.internal.snapshot.DirectorySnapshot::lambda$new$0 (15 bytes)
Event: 35.670 Thread 0x0000015fd8d76ba0 nmethod 5906 0x0000015fc2cb6b10 code [0x0000015fc2cb6cc0, 0x0000015fc2cb7078]

GC Heap History (20 events):
Event: 24.878 GC heap before
{Heap before GC invocations=7 (full 0):
 garbage-first heap   total 75776K, used 54738K [0x0000000080000000, 0x0000000100000000)
  region size 1024K, 31 young (31744K), 4 survivors (4096K)
 Metaspace       used 33180K, committed 33600K, reserved 454656K
  class space    used 4504K, committed 4672K, reserved 421888K
}
Event: 24.884 GC heap after
{Heap after GC invocations=8 (full 0):
 garbage-first heap   total 75776K, used 29745K [0x0000000080000000, 0x0000000100000000)
  region size 1024K, 3 young (3072K), 3 survivors (3072K)
 Metaspace       used 33180K, committed 33600K, reserved 454656K
  class space    used 4504K, committed 4672K, reserved 421888K
}
Event: 25.670 GC heap before
{Heap before GC invocations=8 (full 0):
 garbage-first heap   total 75776K, used 50225K [0x0000000080000000, 0x0000000100000000)
  region size 1024K, 24 young (24576K), 3 survivors (3072K)
 Metaspace       used 35094K, committed 35520K, reserved 454656K
  class space    used 4694K, committed 4928K, reserved 421888K
}
Event: 25.677 GC heap after
{Heap after GC invocations=9 (full 0):
 garbage-first heap   total 75776K, used 31053K [0x0000000080000000, 0x0000000100000000)
  region size 1024K, 2 young (2048K), 2 survivors (2048K)
 Metaspace       used 35094K, committed 35520K, reserved 454656K
  class space    used 4694K, committed 4928K, reserved 421888K
}
Event: 27.112 GC heap before
{Heap before GC invocations=10 (full 0):
 garbage-first heap   total 75776K, used 56653K [0x0000000080000000, 0x0000000100000000)
  region size 1024K, 27 young (27648K), 2 survivors (2048K)
 Metaspace       used 37564K, committed 38016K, reserved 462848K
  class space    used 5110K, committed 5312K, reserved 421888K
}
Event: 27.118 GC heap after
{Heap after GC invocations=11 (full 0):
 garbage-first heap   total 75776K, used 33116K [0x0000000080000000, 0x0000000100000000)
  region size 1024K, 4 young (4096K), 4 survivors (4096K)
 Metaspace       used 37564K, committed 38016K, reserved 462848K
  class space    used 5110K, committed 5312K, reserved 421888K
}
Event: 29.289 GC heap before
{Heap before GC invocations=11 (full 0):
 garbage-first heap   total 75776K, used 57692K [0x0000000080000000, 0x0000000100000000)
  region size 1024K, 28 young (28672K), 4 survivors (4096K)
 Metaspace       used 40837K, committed 41344K, reserved 462848K
  class space    used 5585K, committed 5824K, reserved 421888K
}
Event: 29.294 GC heap after
{Heap after GC invocations=12 (full 0):
 garbage-first heap   total 75776K, used 34157K [0x0000000080000000, 0x0000000100000000)
  region size 1024K, 2 young (2048K), 2 survivors (2048K)
 Metaspace       used 40837K, committed 41344K, reserved 462848K
  class space    used 5585K, committed 5824K, reserved 421888K
}
Event: 30.352 GC heap before
{Heap before GC invocations=12 (full 0):
 garbage-first heap   total 75776K, used 43373K [0x0000000080000000, 0x0000000100000000)
  region size 1024K, 13 young (13312K), 2 survivors (2048K)
 Metaspace       used 41532K, committed 41984K, reserved 462848K
  class space    used 5686K, committed 5888K, reserved 421888K
}
Event: 30.357 GC heap after
{Heap after GC invocations=13 (full 0):
 garbage-first heap   total 75776K, used 34907K [0x0000000080000000, 0x0000000100000000)
  region size 1024K, 2 young (2048K), 2 survivors (2048K)
 Metaspace       used 41532K, committed 41984K, reserved 462848K
  class space    used 5686K, committed 5888K, reserved 421888K
}
Event: 30.653 GC heap before
{Heap before GC invocations=14 (full 0):
 garbage-first heap   total 75776K, used 36955K [0x0000000080000000, 0x0000000100000000)
  region size 1024K, 5 young (5120K), 2 survivors (2048K)
 Metaspace       used 41846K, committed 42368K, reserved 462848K
  class space    used 5723K, committed 5952K, reserved 421888K
}
Event: 30.658 GC heap after
{Heap after GC invocations=15 (full 0):
 garbage-first heap   total 75776K, used 36719K [0x0000000080000000, 0x0000000100000000)
  region size 1024K, 3 young (3072K), 3 survivors (3072K)
 Metaspace       used 41846K, committed 42368K, reserved 462848K
  class space    used 5723K, committed 5952K, reserved 421888K
}
Event: 32.060 GC heap before
{Heap before GC invocations=16 (full 0):
 garbage-first heap   total 75776K, used 61295K [0x0000000080000000, 0x0000000100000000)
  region size 1024K, 24 young (24576K), 3 survivors (3072K)
 Metaspace       used 45022K, committed 45568K, reserved 462848K
  class space    used 6160K, committed 6400K, reserved 421888K
}
Event: 32.066 GC heap after
{Heap after GC invocations=17 (full 0):
 garbage-first heap   total 75776K, used 41945K [0x0000000080000000, 0x0000000100000000)
  region size 1024K, 3 young (3072K), 3 survivors (3072K)
 Metaspace       used 45022K, committed 45568K, reserved 462848K
  class space    used 6160K, committed 6400K, reserved 421888K
}
Event: 33.177 GC heap before
{Heap before GC invocations=17 (full 0):
 garbage-first heap   total 75776K, used 60377K [0x0000000080000000, 0x0000000100000000)
  region size 1024K, 21 young (21504K), 3 survivors (3072K)
 Metaspace       used 47027K, committed 47616K, reserved 471040K
  class space    used 6442K, committed 6720K, reserved 421888K
}
Event: 33.183 GC heap after
{Heap after GC invocations=18 (full 0):
 garbage-first heap   total 75776K, used 42984K [0x0000000080000000, 0x0000000100000000)
  region size 1024K, 2 young (2048K), 2 survivors (2048K)
 Metaspace       used 47027K, committed 47616K, reserved 471040K
  class space    used 6442K, committed 6720K, reserved 421888K
}
Event: 34.558 GC heap before
{Heap before GC invocations=19 (full 0):
 garbage-first heap   total 78848K, used 59368K [0x0000000080000000, 0x0000000100000000)
  region size 1024K, 19 young (19456K), 2 survivors (2048K)
 Metaspace       used 48923K, committed 49472K, reserved 471040K
  class space    used 6734K, committed 6976K, reserved 421888K
}
Event: 34.562 GC heap after
{Heap after GC invocations=20 (full 0):
 garbage-first heap   total 78848K, used 43843K [0x0000000080000000, 0x0000000100000000)
  region size 1024K, 2 young (2048K), 2 survivors (2048K)
 Metaspace       used 48923K, committed 49472K, reserved 471040K
  class space    used 6734K, committed 6976K, reserved 421888K
}
Event: 35.594 GC heap before
{Heap before GC invocations=20 (full 0):
 garbage-first heap   total 78848K, used 64323K [0x0000000080000000, 0x0000000100000000)
  region size 1024K, 22 young (22528K), 2 survivors (2048K)
 Metaspace       used 51805K, committed 52352K, reserved 471040K
  class space    used 7100K, committed 7360K, reserved 421888K
}
Event: 35.599 GC heap after
{Heap after GC invocations=21 (full 0):
 garbage-first heap   total 78848K, used 44414K [0x0000000080000000, 0x0000000100000000)
  region size 1024K, 2 young (2048K), 2 survivors (2048K)
 Metaspace       used 51805K, committed 52352K, reserved 471040K
  class space    used 7100K, committed 7360K, reserved 421888K
}

Deoptimization events (20 events):
Event: 32.203 Thread 0x0000015fdaca3ab0 DEOPT PACKING pc=0x0000015fca0d7520 sp=0x000000555d2f3470
Event: 32.203 Thread 0x0000015fdaca3ab0 DEOPT UNPACKING pc=0x0000015fc23dd72e sp=0x000000555d2f33a0 mode 2
Event: 34.073 Thread 0x0000015fdaca3ab0 DEOPT PACKING pc=0x0000015fc32938e1 sp=0x000000555d2f8890
Event: 34.073 Thread 0x0000015fdaca3ab0 DEOPT UNPACKING pc=0x0000015fc23ddece sp=0x000000555d2f7d88 mode 0
Event: 34.372 Thread 0x0000015fdaca3ab0 Uncommon trap: trap_request=0xffffff54 fr.pc=0x0000015fc9fb3cf4 relative=0x0000000000000914
Event: 34.372 Thread 0x0000015fdaca3ab0 Uncommon trap: reason=speculate_null_assert action=make_not_entrant pc=0x0000015fc9fb3cf4 method=java.util.jar.JarFile.getVersionedEntry(Ljava/lang/String;Ljava/util/jar/JarEntry;)Ljava/util/jar/JarEntry; @ 115 c2
Event: 34.372 Thread 0x0000015fdaca3ab0 DEOPT PACKING pc=0x0000015fc9fb3cf4 sp=0x000000555d2f7af0
Event: 34.372 Thread 0x0000015fdaca3ab0 DEOPT UNPACKING pc=0x0000015fc23dd72e sp=0x000000555d2f7ab8 mode 2
Event: 35.546 Thread 0x0000015fdaca3ab0 Uncommon trap: trap_request=0xffffffc6 fr.pc=0x0000015fca16e48c relative=0x00000000000000ec
Event: 35.546 Thread 0x0000015fdaca3ab0 Uncommon trap: reason=bimorphic_or_optimized_type_check action=maybe_recompile pc=0x0000015fca16e48c method=com.google.common.collect.AbstractIndexedListIterator.next()Ljava/lang/Object; @ 27 c2
Event: 35.546 Thread 0x0000015fdaca3ab0 DEOPT PACKING pc=0x0000015fca16e48c sp=0x000000555d2f8f00
Event: 35.546 Thread 0x0000015fdaca3ab0 DEOPT UNPACKING pc=0x0000015fc23dd72e sp=0x000000555d2f8e98 mode 2
Event: 35.547 Thread 0x0000015fdaca3ab0 Uncommon trap: trap_request=0xffffffc6 fr.pc=0x0000015fca16e48c relative=0x00000000000000ec
Event: 35.547 Thread 0x0000015fdaca3ab0 Uncommon trap: reason=bimorphic_or_optimized_type_check action=maybe_recompile pc=0x0000015fca16e48c method=com.google.common.collect.AbstractIndexedListIterator.next()Ljava/lang/Object; @ 27 c2
Event: 35.547 Thread 0x0000015fdaca3ab0 DEOPT PACKING pc=0x0000015fca16e48c sp=0x000000555d2f8f00
Event: 35.547 Thread 0x0000015fdaca3ab0 DEOPT UNPACKING pc=0x0000015fc23dd72e sp=0x000000555d2f8e98 mode 2
Event: 35.650 Thread 0x0000015fdc6d2620 Uncommon trap: trap_request=0xffffffc6 fr.pc=0x0000015fca0bc2f8 relative=0x0000000000000858
Event: 35.650 Thread 0x0000015fdc6d2620 Uncommon trap: reason=bimorphic_or_optimized_type_check action=maybe_recompile pc=0x0000015fca0bc2f8 method=java.io.BufferedInputStream.read1([BII)I @ 39 c2
Event: 35.650 Thread 0x0000015fdc6d2620 DEOPT PACKING pc=0x0000015fca0bc2f8 sp=0x000000555effdcc0
Event: 35.650 Thread 0x0000015fdc6d2620 DEOPT UNPACKING pc=0x0000015fc23dd72e sp=0x000000555effdbd8 mode 2

Classes unloaded (0 events):
No events

Classes redefined (0 events):
No events

Internal exceptions (20 events):
Event: 32.865 Thread 0x0000015fdaca3ab0 Exception <a 'java/lang/ClassNotFoundException'{0x0000000083c3ede8}: org/gradle/api/plugins/BasePluginConventionBeanInfo> (0x0000000083c3ede8) 
thrown [t:\workspace\open\src\hotspot\share\classfile\systemDictionary.cpp, line 256]
Event: 32.869 Thread 0x0000015fdaca3ab0 Exception <a 'java/lang/ClassNotFoundException'{0x0000000083c564d0}: org/gradle/api/plugins/BasePluginConventionCustomizer> (0x0000000083c564d0) 
thrown [t:\workspace\open\src\hotspot\share\classfile\systemDictionary.cpp, line 256]
Event: 32.874 Thread 0x0000015fdaca3ab0 Exception <a 'java/lang/ClassNotFoundException'{0x0000000083c7a078}: org/gradle/api/plugins/internal/DefaultBasePluginConventionCustomizer> (0x0000000083c7a078) 
thrown [t:\workspace\open\src\hotspot\share\classfile\systemDictionary.cpp, line 256]
Event: 32.886 Thread 0x0000015fdaca3ab0 Exception <a 'java/lang/ClassNotFoundException'{0x0000000083cc6488}: org/gradle/api/plugins/internal/DefaultJavaPluginConventionBeanInfo> (0x0000000083cc6488) 
thrown [t:\workspace\open\src\hotspot\share\classfile\systemDictionary.cpp, line 256]
Event: 32.889 Thread 0x0000015fdaca3ab0 Exception <a 'java/lang/ClassNotFoundException'{0x0000000083cddba8}: org/gradle/api/plugins/JavaPluginConventionBeanInfo> (0x0000000083cddba8) 
thrown [t:\workspace\open\src\hotspot\share\classfile\systemDictionary.cpp, line 256]
Event: 32.891 Thread 0x0000015fdaca3ab0 Exception <a 'java/lang/ClassNotFoundException'{0x0000000083cf5290}: org/gradle/api/plugins/JavaPluginConventionCustomizer> (0x0000000083cf5290) 
thrown [t:\workspace\open\src\hotspot\share\classfile\systemDictionary.cpp, line 256]
Event: 32.896 Thread 0x0000015fdaca3ab0 Exception <a 'java/lang/ClassNotFoundException'{0x0000000083b214f8}: org/gradle/api/plugins/internal/DefaultJavaPluginConventionCustomizer> (0x0000000083b214f8) 
thrown [t:\workspace\open\src\hotspot\share\classfile\systemDictionary.cpp, line 256]
Event: 33.345 Thread 0x0000015fdaca3ab0 Exception <a 'java/lang/NoSuchMethodError'{0x00000000861ef890}: 'int java.lang.invoke.DirectMethodHandle$Holder.invokeInterface(java.lang.Object, java.lang.Object, java.lang.Object, java.lang.Object)'> (0x00000000861ef890) 
thrown [t:\workspace\open\src\hotspot\share\interpreter\linkResolver.cpp, line 790]
Event: 33.732 Thread 0x0000015fdaca3ab0 Exception <a 'java/lang/ClassNotFoundException'{0x000000008455f6d8}: org/jetbrains/kotlin/gradle/targets/js/npm/DefaultNpmDependencyExtensionBeanInfo> (0x000000008455f6d8) 
thrown [t:\workspace\open\src\hotspot\share\classfile\systemDictionary.cpp, line 256]
Event: 33.732 Thread 0x0000015fdaca3ab0 Exception <a 'java/lang/ClassNotFoundException'{0x0000000084569588}: org/jetbrains/kotlin/gradle/targets/js/npm/DefaultNpmDependencyExtensionCustomizer> (0x0000000084569588) 
thrown [t:\workspace\open\src\hotspot\share\classfile\systemDictionary.cpp, line 256]
Event: 33.753 Thread 0x0000015fdaca3ab0 Exception <a 'java/lang/ClassNotFoundException'{0x00000000845d39f0}: org/jetbrains/kotlin/gradle/targets/js/npm/NpmDependencyExtensionKt$defaultNpmDependencyDelegate$1BeanInfo> (0x00000000845d39f0) 
thrown [t:\workspace\open\src\hotspot\share\classfile\systemDictionary.cpp, line 256]
Event: 33.754 Thread 0x0000015fdaca3ab0 Exception <a 'java/lang/ClassNotFoundException'{0x00000000845dd8e8}: org/jetbrains/kotlin/gradle/targets/js/npm/NpmDependencyExtensionDelegateBeanInfo> (0x00000000845dd8e8) 
thrown [t:\workspace\open\src\hotspot\share\classfile\systemDictionary.cpp, line 256]
Event: 33.758 Thread 0x0000015fdaca3ab0 Exception <a 'java/lang/ClassNotFoundException'{0x00000000845e77a8}: org/jetbrains/kotlin/gradle/targets/js/npm/NpmDependencyExtensionDelegateCustomizer> (0x00000000845e77a8) 
thrown [t:\workspace\open\src\hotspot\share\classfile\systemDictionary.cpp, line 256]
Event: 33.767 Thread 0x0000015fdaca3ab0 Exception <a 'java/lang/ClassNotFoundException'{0x0000000084409c40}: org/jetbrains/kotlin/gradle/targets/js/npm/NpmDependencyExtensionKt$defaultNpmDependencyDelegate$1Customizer> (0x0000000084409c40) 
thrown [t:\workspace\open\src\hotspot\share\classfile\systemDictionary.cpp, line 256]
Event: 33.774 Thread 0x0000015fdaca3ab0 Exception <a 'java/lang/ClassNotFoundException'{0x000000008443ebb8}: org/jetbrains/kotlin/gradle/targets/js/npm/DefaultDevNpmDependencyExtensionBeanInfo> (0x000000008443ebb8) 
thrown [t:\workspace\open\src\hotspot\share\classfile\systemDictionary.cpp, line 256]
Event: 33.786 Thread 0x0000015fdaca3ab0 Exception <a 'java/lang/ClassNotFoundException'{0x0000000084448a80}: org/jetbrains/kotlin/gradle/targets/js/npm/DefaultDevNpmDependencyExtensionCustomizer> (0x0000000084448a80) 
thrown [t:\workspace\open\src\hotspot\share\classfile\systemDictionary.cpp, line 256]
Event: 33.819 Thread 0x0000015fdaca3ab0 Exception <a 'java/lang/ClassNotFoundException'{0x0000000084481368}: org/jetbrains/kotlin/gradle/targets/js/npm/DefaultPeerNpmDependencyExtensionBeanInfo> (0x0000000084481368) 
thrown [t:\workspace\open\src\hotspot\share\classfile\systemDictionary.cpp, line 256]
Event: 33.819 Thread 0x0000015fdaca3ab0 Exception <a 'java/lang/ClassNotFoundException'{0x000000008448b240}: org/jetbrains/kotlin/gradle/targets/js/npm/DefaultPeerNpmDependencyExtensionCustomizer> (0x000000008448b240) 
thrown [t:\workspace\open\src\hotspot\share\classfile\systemDictionary.cpp, line 256]
Event: 33.826 Thread 0x0000015fdaca3ab0 Exception <a 'java/lang/ClassNotFoundException'{0x00000000844c9e18}: org/jetbrains/kotlin/gradle/targets/js/npm/DefaultPeerNpmDependencyExtension$delegate$1BeanInfo> (0x00000000844c9e18) 
thrown [t:\workspace\open\src\hotspot\share\classfile\systemDictionary.cpp, line 256]
Event: 33.827 Thread 0x0000015fdaca3ab0 Exception <a 'java/lang/ClassNotFoundException'{0x00000000844d3db8}: org/jetbrains/kotlin/gradle/targets/js/npm/DefaultPeerNpmDependencyExtension$delegate$1Customizer> (0x00000000844d3db8) 
thrown [t:\workspace\open\src\hotspot\share\classfile\systemDictionary.cpp, line 256]

Events (20 events):
Event: 33.807 Thread 0x0000015fd8d82a00 flushing nmethod 0x0000015fc32b3d90
Event: 33.807 Thread 0x0000015fd8d82a00 flushing nmethod 0x0000015fc32cc190
Event: 33.807 Thread 0x0000015fd8d82a00 flushing nmethod 0x0000015fc32cc810
Event: 33.807 Thread 0x0000015fd8d82a00 flushing nmethod 0x0000015fc32ccb10
Event: 33.807 Thread 0x0000015fd8d82a00 flushing nmethod 0x0000015fc32eb510
Event: 33.807 Thread 0x0000015fd8d82a00 flushing nmethod 0x0000015fc32f3490
Event: 33.808 Thread 0x0000015fd8d82a00 flushing nmethod 0x0000015fc33b3590
Event: 33.808 Thread 0x0000015fd8d82a00 flushing nmethod 0x0000015fc33b4490
Event: 33.808 Thread 0x0000015fd8d82a00 flushing nmethod 0x0000015fc33c0c90
Event: 34.558 Executing  VM operation: G1CollectForAllocation
Event: 34.562 Executing  VM operation: G1CollectForAllocation done
Event: 34.874 Thread 0x0000015fdf97c720 Thread exited: 0x0000015fdf97c720
Event: 35.381 loading class java/util/ArrayList$SubList$1
Event: 35.382 loading class java/util/ArrayList$SubList$1 done
Event: 35.428 Thread 0x0000015fdbf316f0 Thread added: 0x0000015fdbf316f0
Event: 35.562 Executing  VM operation: Cleanup
Event: 35.563 Executing  VM operation: Cleanup done
Event: 35.594 Executing  VM operation: G1CollectForAllocation
Event: 35.599 Executing  VM operation: G1CollectForAllocation done
Event: 35.670 Executing  VM operation: G1Concurrent


Dynamic libraries:
0x00007ff60ad80000 - 0x00007ff60ad90000 	C:\Program Files\Java\jdk-16.0.2\bin\java.exe
0x00007ffd7fda0000 - 0x00007ffd7ffa9000 	C:\WINDOWS\SYSTEM32\ntdll.dll
0x00007ffd7eb40000 - 0x00007ffd7ebfd000 	C:\WINDOWS\System32\KERNEL32.DLL
0x00007ffd7d780000 - 0x00007ffd7dafb000 	C:\WINDOWS\System32\KERNELBASE.dll
0x00007ffd7d5e0000 - 0x00007ffd7d6f1000 	C:\WINDOWS\System32\ucrtbase.dll
0x00007ffd53bb0000 - 0x00007ffd53bc8000 	C:\Program Files\Java\jdk-16.0.2\bin\jli.dll
0x00007ffd535b0000 - 0x00007ffd535c9000 	C:\Program Files\Java\jdk-16.0.2\bin\VCRUNTIME140.dll
0x00007ffd7faa0000 - 0x00007ffd7fb4e000 	C:\WINDOWS\System32\ADVAPI32.dll
0x00007ffd7fb50000 - 0x00007ffd7fbf3000 	C:\WINDOWS\System32\msvcrt.dll
0x00007ffd7fcc0000 - 0x00007ffd7fd5e000 	C:\WINDOWS\System32\sechost.dll
0x00007ffd7dd00000 - 0x00007ffd7de20000 	C:\WINDOWS\System32\RPCRT4.dll
0x00007ffd7e130000 - 0x00007ffd7e2dd000 	C:\WINDOWS\System32\USER32.dll
0x00007ffd52f80000 - 0x00007ffd53225000 	C:\WINDOWS\WinSxS\amd64_microsoft.windows.common-controls_6595b64144ccf1df_6.0.22000.120_none_9d947278b86cc467\COMCTL32.dll
0x00007ffd7d270000 - 0x00007ffd7d296000 	C:\WINDOWS\System32\win32u.dll
0x00007ffd7ed50000 - 0x00007ffd7ed79000 	C:\WINDOWS\System32\GDI32.dll
0x00007ffd7db00000 - 0x00007ffd7dc18000 	C:\WINDOWS\System32\gdi32full.dll
0x00007ffd7d540000 - 0x00007ffd7d5dd000 	C:\WINDOWS\System32\msvcp_win.dll
0x00007ffd75520000 - 0x00007ffd7552a000 	C:\WINDOWS\SYSTEM32\VERSION.dll
0x00007ffd7f5f0000 - 0x00007ffd7f621000 	C:\WINDOWS\System32\IMM32.DLL
0x00007ffd57890000 - 0x00007ffd5789c000 	C:\Program Files\Java\jdk-16.0.2\bin\vcruntime140_1.dll
0x00007ffd31ae0000 - 0x00007ffd31b71000 	C:\Program Files\Java\jdk-16.0.2\bin\msvcp140.dll
0x00007ffd1b8a0000 - 0x00007ffd1c44b000 	C:\Program Files\Java\jdk-16.0.2\bin\server\jvm.dll
0x00007ffd7f750000 - 0x00007ffd7f758000 	C:\WINDOWS\System32\PSAPI.DLL
0x00007ffd78130000 - 0x00007ffd78163000 	C:\WINDOWS\SYSTEM32\WINMM.dll
0x00007ffd4b8f0000 - 0x00007ffd4b8f9000 	C:\WINDOWS\SYSTEM32\WSOCK32.dll
0x00007ffd7ed80000 - 0x00007ffd7edef000 	C:\WINDOWS\System32\WS2_32.dll
0x00007ffd7c2f0000 - 0x00007ffd7c308000 	C:\WINDOWS\SYSTEM32\kernel.appcore.dll
0x00007ffd55380000 - 0x00007ffd5538a000 	C:\Program Files\Java\jdk-16.0.2\bin\jimage.dll
0x00007ffd686f0000 - 0x00007ffd68911000 	C:\WINDOWS\SYSTEM32\DBGHELP.DLL
0x00007ffd6a0a0000 - 0x00007ffd6a0d1000 	C:\WINDOWS\SYSTEM32\dbgcore.DLL
0x00007ffd7d700000 - 0x00007ffd7d77f000 	C:\WINDOWS\System32\bcryptPrimitives.dll
0x00007ffd4baa0000 - 0x00007ffd4bac5000 	C:\Program Files\Java\jdk-16.0.2\bin\java.dll
0x00007ffd7ee30000 - 0x00007ffd7f5e8000 	C:\WINDOWS\System32\SHELL32.dll
0x00007ffd7b360000 - 0x00007ffd7bbc5000 	C:\WINDOWS\SYSTEM32\windows.storage.dll
0x00007ffd7e750000 - 0x00007ffd7eac7000 	C:\WINDOWS\System32\combase.dll
0x00007ffd7b1f0000 - 0x00007ffd7b356000 	C:\WINDOWS\SYSTEM32\wintypes.dll
0x00007ffd7ec00000 - 0x00007ffd7ecea000 	C:\WINDOWS\System32\SHCORE.dll
0x00007ffd7ecf0000 - 0x00007ffd7ed4d000 	C:\WINDOWS\System32\shlwapi.dll
0x00007ffd7d1a0000 - 0x00007ffd7d1c1000 	C:\WINDOWS\SYSTEM32\profapi.dll
0x00007ffd47da0000 - 0x00007ffd47db9000 	C:\Program Files\Java\jdk-16.0.2\bin\net.dll
0x00007ffd77830000 - 0x00007ffd7793c000 	C:\WINDOWS\SYSTEM32\WINHTTP.dll
0x00007ffd7c790000 - 0x00007ffd7c7f7000 	C:\WINDOWS\system32\mswsock.dll
0x00007ffd46aa0000 - 0x00007ffd46ab3000 	C:\Program Files\Java\jdk-16.0.2\bin\nio.dll
0x00007ffd463c0000 - 0x00007ffd463d8000 	C:\Program Files\Java\jdk-16.0.2\bin\zip.dll
0x00007ffd551a0000 - 0x00007ffd551b0000 	C:\Program Files\Java\jdk-16.0.2\bin\verify.dll
0x00007ffd3ad40000 - 0x00007ffd3ad67000 	C:\Users\lakit\.gradle\native\e1d6ef7f7dcc3fd88c89a11ec53ec762bb8ba0a96d01ffa2cd45eb1d1d8dd5c5\windows-amd64\native-platform.dll
0x00007ffd0d4f0000 - 0x00007ffd0d634000 	C:\Users\lakit\.gradle\native\5664cfc778a61ccfe75a443a1ab52a65af34e5dc3c78e0209fed803814484fcb\windows-amd64\native-platform-file-events.dll
0x00007ffd54210000 - 0x00007ffd54219000 	C:\Program Files\Java\jdk-16.0.2\bin\management.dll
0x00007ffd53910000 - 0x00007ffd5391b000 	C:\Program Files\Java\jdk-16.0.2\bin\management_ext.dll
0x00007ffd7c9d0000 - 0x00007ffd7c9e8000 	C:\WINDOWS\SYSTEM32\CRYPTSP.dll
0x00007ffd7c250000 - 0x00007ffd7c285000 	C:\WINDOWS\system32\rsaenh.dll
0x00007ffd7c880000 - 0x00007ffd7c8a9000 	C:\WINDOWS\SYSTEM32\USERENV.dll
0x00007ffd7cb60000 - 0x00007ffd7cb87000 	C:\WINDOWS\SYSTEM32\bcrypt.dll
0x00007ffd7c9f0000 - 0x00007ffd7c9fc000 	C:\WINDOWS\SYSTEM32\CRYPTBASE.dll
0x00007ffd7be10000 - 0x00007ffd7be3d000 	C:\WINDOWS\SYSTEM32\IPHLPAPI.DLL
0x00007ffd7ee20000 - 0x00007ffd7ee29000 	C:\WINDOWS\System32\NSI.dll
0x00007ffd77b40000 - 0x00007ffd77b59000 	C:\WINDOWS\SYSTEM32\dhcpcsvc6.DLL
0x00007ffd784c0000 - 0x00007ffd784de000 	C:\WINDOWS\SYSTEM32\dhcpcsvc.DLL
0x00007ffd7be40000 - 0x00007ffd7bf28000 	C:\WINDOWS\SYSTEM32\DNSAPI.dll
0x00007ffd53880000 - 0x00007ffd5388e000 	C:\Program Files\Java\jdk-16.0.2\bin\sunmscapi.dll
0x00007ffd7d2a0000 - 0x00007ffd7d402000 	C:\WINDOWS\System32\CRYPT32.dll
0x00007ffd7cb30000 - 0x00007ffd7cb58000 	C:\WINDOWS\SYSTEM32\ncrypt.dll
0x00007ffd7caf0000 - 0x00007ffd7cb27000 	C:\WINDOWS\SYSTEM32\NTASN1.dll
0x00007ffd53660000 - 0x00007ffd53668000 	C:\WINDOWS\system32\wshunix.dll

dbghelp: loaded successfully - version: 4.0.5 - missing functions: none
symbol engine: initialized successfully - sym options: 0x614 - pdb path: .;C:\Program Files\Java\jdk-16.0.2\bin;C:\WINDOWS\SYSTEM32;C:\WINDOWS\WinSxS\amd64_microsoft.windows.common-controls_6595b64144ccf1df_6.0.22000.120_none_9d947278b86cc467;C:\Program Files\Java\jdk-16.0.2\bin\server;C:\Users\lakit\.gradle\native\e1d6ef7f7dcc3fd88c89a11ec53ec762bb8ba0a96d01ffa2cd45eb1d1d8dd5c5\windows-amd64;C:\Users\lakit\.gradle\native\5664cfc778a61ccfe75a443a1ab52a65af34e5dc3c78e0209fed803814484fcb\windows-amd64

VM Arguments:
jvm_args: -XX:MaxMetaspaceSize=512m --add-opens=java.base/java.util=ALL-UNNAMED --add-opens=java.base/java.lang=ALL-UNNAMED --add-opens=java.base/java.lang.invoke=ALL-UNNAMED --add-opens=java.base/java.util=ALL-UNNAMED --add-opens=java.prefs/java.util.prefs=ALL-UNNAMED --add-opens=java.prefs/java.util.prefs=ALL-UNNAMED --add-opens=java.base/java.nio.charset=ALL-UNNAMED --add-opens=java.base/java.net=ALL-UNNAMED --add-opens=java.base/java.util.concurrent.atomic=ALL-UNNAMED -Xmx2048m -Dfile.encoding=utf8 -Duser.country=US -Duser.language=en -Duser.variant 
java_command: org.gradle.launcher.daemon.bootstrap.GradleDaemon 7.3.3
java_class_path (initial): C:\Users\lakit\.gradle\wrapper\dists\gradle-7.3.3-all\4295vidhdd9hd3gbjyw1xqxpo\gradle-7.3.3\lib\gradle-launcher-7.3.3.jar
Launcher Type: SUN_STANDARD

[Global flags]
     intx CICompilerCount                          = 4                                         {product} {ergonomic}
   size_t CompressedClassSpaceSize                 = 432013312                                 {product} {ergonomic}
     uint ConcGCThreads                            = 2                                         {product} {ergonomic}
     uint G1ConcRefinementThreads                  = 8                                         {product} {ergonomic}
   size_t G1HeapRegionSize                         = 1048576                                   {product} {ergonomic}
    uintx GCDrainStackTargetSize                   = 64                                        {product} {ergonomic}
   size_t InitialHeapSize                          = 134217728                                 {product} {ergonomic}
   size_t MarkStackSize                            = 4194304                                   {product} {ergonomic}
   size_t MaxHeapSize                              = 2147483648                                {product} {command line}
   size_t MaxMetaspaceSize                         = 536870912                                 {product} {command line}
   size_t MaxNewSize                               = 1287651328                                {product} {ergonomic}
   size_t MinHeapDeltaBytes                        = 1048576                                   {product} {ergonomic}
   size_t MinHeapSize                              = 8388608                                   {product} {ergonomic}
    uintx NonNMethodCodeHeapSize                   = 5839372                                {pd product} {ergonomic}
    uintx NonProfiledCodeHeapSize                  = 122909434                              {pd product} {ergonomic}
    uintx ProfiledCodeHeapSize                     = 122909434                              {pd product} {ergonomic}
    uintx ReservedCodeCacheSize                    = 251658240                              {pd product} {ergonomic}
     bool SegmentedCodeCache                       = true                                      {product} {ergonomic}
   size_t SoftMaxHeapSize                          = 2147483648                             {manageable} {ergonomic}
     bool UseCompressedClassPointers               = true                           {product lp64_product} {ergonomic}
     bool UseCompressedOops                        = true                           {product lp64_product} {ergonomic}
     bool UseG1GC                                  = true                                      {product} {ergonomic}
     bool UseLargePagesIndividualAllocation        = false                                  {pd product} {ergonomic}

Logging:
Log output configuration:
 #0: stdout all=warning uptime,level,tags
 #1: stderr all=off uptime,level,tags

Environment Variables:
JAVA_HOME=C:\Program Files\Java\jdk-16.0.2
PATH=C:\Program Files\Common Files\Oracle\Java\javapath;C:\WINDOWS\system32;C:\WINDOWS;C:\WINDOWS\System32\Wbem;C:\WINDOWS\System32\WindowsPowerShell\v1.0\;C:\WINDOWS\System32\OpenSSH\;C:\Program Files\nodejs\;C:\Program Files\Java\jdk-16.0.2;C:\Users\lakit\AppData\Local\Android\Sdk;C:\Users\lakit\AppData\Local\Android\Sdk\platform-tools;C:\Users\lakit\AppData\Local\Android\Sdk\emulator;C:\Users\lakit\AppData\Roaming\npm;C:\Program Files\Git\cmd;C:\Program Files\CMake\bin;C:\Strawberry\perl\bin;C:\Strawberry\perl\site\bin;C:\Strawberry\c\bin;C:\Program Files\Java\jdk-11.0.17;C:\Users\lakit\AppData\Local\Programs\Python\Python36\Scripts\;C:\Users\lakit\AppData\Local\Programs\Python\Python36\;C:\Users\lakit\AppData\Local\Programs\Python\Python39\Scripts\;C:\Users\lakit\AppData\Local\Programs\Python\Python39\;C:\Users\lakit\AppData\Local\Microsoft\WindowsApps;C:\Users\lakit\AppData\Local\Programs\Microsoft VS Code\bin;C:\Users\lakit\AppData\Roaming\npm;C:\Users\lakit\AppData\Local\Android\Sdk;C:\Users\lakit\AppData\Local\Android\Sdk\platform-tools;C:\Users\lakit\AppData\Local\Android\Sdk\tools
USERNAME=lakit
OS=Windows_NT
PROCESSOR_IDENTIFIER=Intel64 Family 6 Model 142 Stepping 10, GenuineIntel



---------------  S Y S T E M  ---------------

OS:
 Windows 10 , 64 bit Build 22000 (10.0.22000.708)
OS uptime: 0 days 3:32 hours

CPU: total 8 (initial active 8) (4 cores per cpu, 2 threads per core) family 6 model 142 stepping 10 microcode 0xe0, cx8, cmov, fxsr, ht, mmx, 3dnowpref, sse, sse2, sse3, ssse3, sse4.1, sse4.2, popcnt, lzcnt, tsc, tscinvbit, avx, avx2, aes, erms, clmul, bmi1, bmi2, adx, fma, vzeroupper, clflush, clflushopt

Memory: 4k page, system-wide physical 8069M (390M free)
TotalPageFile size 18569M (AvailPageFile size 65M)
current process WorkingSet (physical memory assigned to process): 250M, peak: 269M
current process commit charge ("private bytes"): 292M, peak: 309M

vm_info: Java HotSpot(TM) 64-Bit Server VM (16.0.2+7-67) for windows-amd64 JRE (16.0.2+7-67), built on Jun  8 2021 23:24:19 by "mach5one" with MS VC++ 16.7 (VS2019)

END.
